\BOOKMARK [0][-]{chapter*.1}{\376\377\000S\000u\000m\000m\000a\000r\000y}{}% 1
\BOOKMARK [0][-]{chapter.1}{\376\377\000I\000n\000t\000r\000o\000d\000u\000c\000t\000i\000o\000n}{}% 2
\BOOKMARK [1][-]{section.1.1}{\376\377\000P\000r\000o\000b\000l\000e\000m\000\040\000S\000t\000a\000t\000e\000m\000e\000n\000t}{chapter.1}% 3
\BOOKMARK [1][-]{section.1.2}{\376\377\000T\000h\000e\000s\000i\000s\000\040\000C\000o\000n\000t\000r\000i\000b\000u\000t\000i\000o\000n}{chapter.1}% 4
\BOOKMARK [1][-]{section.1.3}{\376\377\000R\000e\000c\000e\000n\000t\000\040\000a\000n\000d\000\040\000R\000e\000l\000a\000t\000e\000d\000\040\000D\000e\000v\000e\000l\000o\000p\000m\000e\000n\000t\000s}{chapter.1}% 5
\BOOKMARK [1][-]{section.1.4}{\376\377\000T\000h\000e\000s\000i\000s\000\040\000O\000u\000t\000l\000i\000n\000e}{chapter.1}% 6
\BOOKMARK [0][-]{chapter.2}{\376\377\000B\000a\000c\000k\000g\000r\000o\000u\000n\000d}{}% 7
\BOOKMARK [1][-]{section.2.1}{\376\377\000G\000r\000e\000e\000n\000h\000o\000u\000s\000e\000\040\000M\000o\000d\000e\000l}{chapter.2}% 8
\BOOKMARK [2][-]{subsection.2.1.1}{\376\377\000M\000o\000d\000e\000l\000\040\000D\000e\000s\000c\000r\000i\000p\000t\000i\000o\000n}{section.2.1}% 9
\BOOKMARK [2][-]{subsection.2.1.2}{\376\377\000M\000o\000d\000e\000l\000\040\000S\000t\000a\000t\000e\000\040\000E\000q\000u\000a\000t\000i\000o\000n\000s}{section.2.1}% 10
\BOOKMARK [2][-]{subsection.2.1.3}{\376\377\000M\000o\000d\000e\000l\000\040\000u\000n\000c\000e\000r\000t\000a\000i\000n\000t\000y}{section.2.1}% 11
\BOOKMARK [2][-]{subsection.2.1.4}{\376\377\000O\000p\000t\000i\000m\000i\000s\000a\000t\000i\000o\000n\000\040\000G\000o\000a\000l}{section.2.1}% 12
\BOOKMARK [1][-]{section.2.2}{\376\377\000R\000e\000i\000n\000f\000o\000r\000c\000e\000m\000e\000n\000t\000\040\000L\000e\000a\000r\000n\000i\000n\000g}{chapter.2}% 13
\BOOKMARK [2][-]{subsection.2.2.1}{\376\377\000T\000h\000e\000\040\000R\000L\000\040\000p\000r\000o\000b\000l\000e\000m}{section.2.2}% 14
\BOOKMARK [2][-]{subsection.2.2.2}{\376\377\000Q\000\040\000l\000e\000a\000r\000n\000i\000n\000g}{section.2.2}% 15
\BOOKMARK [2][-]{subsection.2.2.3}{\376\377\000P\000o\000l\000i\000c\000y\000\040\000O\000p\000t\000i\000m\000i\000z\000a\000t\000i\000o\000n}{section.2.2}% 16
\BOOKMARK [2][-]{subsection.2.2.4}{\376\377\000A\000c\000t\000o\000r\000-\000C\000r\000i\000t\000i\000c}{section.2.2}% 17
\BOOKMARK [2][-]{subsection.2.2.5}{\376\377\000S\000A\000C}{section.2.2}% 18
\BOOKMARK [1][-]{section.2.3}{\376\377\000M\000P\000C}{chapter.2}% 19
\BOOKMARK [2][-]{subsection.2.3.1}{\376\377\000T\000h\000e\000\040\000G\000e\000n\000e\000r\000a\000l\000\040\000M\000P\000C\000\040\000p\000r\000o\000b\000l\000e\000m}{section.2.3}% 20
\BOOKMARK [2][-]{subsection.2.3.2}{\376\377\000E\000c\000o\000n\000o\000m\000i\000c\000\040\000M\000o\000d\000e\000l\000\040\000P\000r\000e\000d\000i\000c\000t\000i\000v\000e\000\040\000C\000o\000n\000t\000r\000o\000l\000\040\000\050\000E\000M\000P\000C\000\051}{section.2.3}% 21
\BOOKMARK [0][-]{chapter.3}{\376\377\000R\000e\000i\000n\000f\000o\000r\000c\000e\000m\000e\000n\000t\000\040\000L\000e\000a\000r\000n\000i\000n\000g\000\040\000S\000e\000t\000u\000p}{}% 22
\BOOKMARK [1][-]{section.3.1}{\376\377\000E\000n\000v\000i\000r\000o\000n\000m\000e\000n\000t\000\040\000D\000e\000s\000c\000r\000i\000p\000t\000i\000o\000n}{chapter.3}% 23
\BOOKMARK [1][-]{section.3.2}{\376\377\000E\000x\000p\000e\000r\000i\000m\000e\000n\000t\000a\000l\000\040\000S\000e\000t\000u\000p}{chapter.3}% 24
\BOOKMARK [1][-]{section.3.3}{\376\377\000H\000y\000p\000e\000r\000-\000p\000a\000r\000a\000m\000e\000t\000e\000r\000\040\000T\000u\000n\000i\000n\000g}{chapter.3}% 25
\BOOKMARK [1][-]{section.3.4}{\376\377\000D\000e\000t\000e\000r\000m\000i\000n\000i\000s\000t\000i\000c\000\040\000R\000e\000s\000u\000l\000t\000s}{chapter.3}% 26
\BOOKMARK [2][-]{subsection.3.4.1}{\376\377\000D\000i\000s\000c\000o\000u\000n\000t\000\040\000F\000a\000c\000t\000o\000r}{section.3.4}% 27
\BOOKMARK [2][-]{subsection.3.4.2}{\376\377\000A\000c\000t\000i\000v\000a\000t\000i\000o\000n\000\040\000F\000u\000n\000c\000t\000i\000o\000n}{section.3.4}% 28
\BOOKMARK [2][-]{subsection.3.4.3}{\376\377\000F\000i\000n\000a\000l\000\040\000R\000e\000s\000u\000l\000t\000s\000\040\000a\000n\000d\000\040\000C\000o\000n\000c\000l\000u\000s\000i\000o\000n}{section.3.4}% 29
\BOOKMARK [1][-]{section.3.5}{\376\377\000S\000t\000o\000c\000h\000a\000s\000t\000i\000c\000\040\000R\000e\000s\000u\000l\000t\000s}{chapter.3}% 30
\BOOKMARK [2][-]{subsection.3.5.1}{\376\377\000C\000o\000n\000c\000l\000u\000s\000i\000o\000n}{section.3.5}% 31
\BOOKMARK [1][-]{section.3.6}{\376\377\000T\000r\000a\000i\000n\000e\000d\000\040\000V\000a\000l\000u\000e\000\040\000F\000u\000n\000c\000t\000i\000o\000n}{chapter.3}% 32
\BOOKMARK [2][-]{subsection.3.6.1}{\376\377\000T\000e\000m\000p\000o\000r\000a\000l\000\040\000D\000i\000f\000f\000e\000r\000e\000n\000c\000e\000\040\000L\000e\000a\000r\000n\000i\000n\000g}{section.3.6}% 33
\BOOKMARK [2][-]{subsection.3.6.2}{\376\377\000E\000x\000p\000e\000c\000t\000e\000d\000\040\000R\000e\000t\000u\000r\000n\000\040\000L\000e\000a\000r\000n\000i\000n\000g}{section.3.6}% 34
\BOOKMARK [2][-]{subsection.3.6.3}{\376\377\000R\000e\000s\000u\000l\000t\000s}{section.3.6}% 35
\BOOKMARK [1][-]{section.3.7}{\376\377\000C\000o\000n\000c\000l\000u\000s\000i\000o\000n}{chapter.3}% 36
\BOOKMARK [0][-]{chapter.4}{\376\377\000M\000o\000d\000e\000l\000\040\000P\000r\000e\000d\000i\000c\000t\000i\000v\000e\000\040\000C\000o\000n\000t\000r\000o\000l\000\040\000S\000e\000t\000u\000p}{}% 37
\BOOKMARK [1][-]{section.4.1}{\376\377\000G\000r\000e\000e\000n\000h\000o\000u\000s\000e\000\040\000M\000P\000C\000\040\000p\000r\000o\000b\000l\000e\000m\000\040\000f\000o\000r\000m\000u\000l\000a\000t\000i\000o\000n}{chapter.4}% 38
\BOOKMARK [1][-]{section.4.2}{\376\377\000D\000e\000t\000e\000r\000m\000i\000n\000i\000s\000t\000i\000c\000\040\000R\000e\000s\000u\000l\000t\000s}{chapter.4}% 39
\BOOKMARK [1][-]{section.4.3}{\376\377\000S\000t\000o\000c\000h\000a\000s\000t\000i\000c\000\040\000R\000e\000s\000u\000l\000t\000s}{chapter.4}% 40
\BOOKMARK [1][-]{section.4.4}{\376\377\000C\000o\000n\000c\000l\000u\000s\000i\000o\000n}{chapter.4}% 41
\BOOKMARK [0][-]{chapter.5}{\376\377\000D\000e\000t\000e\000r\000m\000i\000n\000i\000s\000t\000i\000c\000\040\000R\000L\000-\000M\000P\000C}{}% 42
\BOOKMARK [1][-]{section.5.1}{\376\377\000I\000m\000p\000l\000e\000m\000e\000n\000t\000a\000t\000i\000o\000n}{chapter.5}% 43
\BOOKMARK [2][-]{subsection.5.1.1}{\376\377\000R\000L\000-\000M\000P\000C\000\040\000p\000r\000o\000b\000l\000e\000m\000\040\000f\000o\000r\000m\000u\000l\000a\000t\000i\000o\000n\000s}{section.5.1}% 44
\BOOKMARK [2][-]{subsection.5.1.2}{\376\377\000I\000n\000i\000t\000i\000a\000l\000\040\000R\000L\000\040\000a\000n\000d\000\040\000M\000P\000C\000\040\000p\000e\000r\000f\000o\000r\000m\000a\000n\000c\000e}{section.5.1}% 45
\BOOKMARK [1][-]{section.5.2}{\376\377\000R\000e\000s\000u\000l\000t\000s\000\040\000-\000\040\000R\000L\000-\000M\000P\000C\000\040\0001}{chapter.5}% 46
\BOOKMARK [1][-]{section.5.3}{\376\377\000R\000e\000s\000u\000l\000t\000s\000\040\000-\000\040\000R\000L\000-\000M\000P\000C\000\040\0002}{chapter.5}% 47
\BOOKMARK [1][-]{section.5.4}{\376\377\000R\000e\000s\000u\000l\000t\000s\000\040\000-\000\040\000R\000L\000-\000M\000P\000C\000\040\0003}{chapter.5}% 48
\BOOKMARK [1][-]{section.5.5}{\376\377\000R\000e\000s\000u\000l\000t\000s\000\040\000-\000\040\000R\000L\000-\000M\000P\000C\000\040\0004}{chapter.5}% 49
\BOOKMARK [1][-]{section.5.6}{\376\377\000R\000e\000s\000u\000l\000t\000s\000\040\000-\000\040\000R\000L\000-\000M\000P\000C\000\040\0005\000\040\000a\000n\000d\000\040\0006}{chapter.5}% 50
\BOOKMARK [1][-]{section.5.7}{\376\377\000F\000i\000n\000a\000l\000\040\000R\000e\000s\000u\000l\000t\000\040\000a\000n\000d\000\040\000C\000o\000n\000c\000l\000u\000s\000i\000o\000n}{chapter.5}% 51
\BOOKMARK [0][-]{chapter.6}{\376\377\000S\000t\000o\000c\000h\000a\000s\000t\000i\000c\000\040\000R\000L\000-\000M\000P\000C}{}% 52
\BOOKMARK [1][-]{section.6.1}{\376\377\000I\000n\000i\000t\000i\000a\000l\000\040\000R\000L\000\040\000a\000n\000d\000\040\000M\000P\000C\000\040\000P\000e\000r\000f\000o\000r\000m\000a\000n\000c\000e}{chapter.6}% 53
\BOOKMARK [1][-]{section.6.2}{\376\377\000R\000e\000s\000u\000l\000t\000s\000\040\000-\000\040\000V\000F\000\040\000a\000n\000d\000\040\000T\000e\000r\000m\000i\000n\000a\000l\000\040\000R\000e\000g\000i\000o\000n}{chapter.6}% 54
\BOOKMARK [1][-]{section.6.3}{\376\377\000C\000o\000n\000c\000l\000u\000s\000i\000o\000n}{chapter.6}% 55
\BOOKMARK [0][-]{chapter.7}{\376\377\000C\000o\000m\000p\000u\000t\000a\000t\000i\000o\000n\000a\000l\000\040\000S\000p\000e\000e\000d\000\040\000u\000p\000\040\000o\000f\000\040\000R\000L\000-\000M\000P\000C}{}% 56
\BOOKMARK [1][-]{section.7.1}{\376\377\000R\000e\000d\000u\000c\000i\000n\000g\000\040\000N\000e\000u\000r\000o\000n\000s\000\040\000a\000n\000d\000\040\000H\000i\000d\000d\000e\000n\000\040\000L\000a\000y\000e\000r\000s}{chapter.7}% 57
\BOOKMARK [1][-]{section.7.2}{\376\377\000T\000a\000y\000l\000o\000r\000\040\000A\000p\000p\000r\000o\000x\000i\000m\000a\000t\000i\000o\000n}{chapter.7}% 58
\BOOKMARK [1][-]{section.7.3}{\376\377\000C\000o\000m\000b\000i\000n\000e\000d}{chapter.7}% 59
\BOOKMARK [1][-]{section.7.4}{\376\377\000D\000i\000s\000c\000u\000s\000s\000i\000o\000n\000\040\000a\000n\000d\000\040\000C\000o\000n\000c\000l\000u\000s\000i\000o\000n}{chapter.7}% 60
\BOOKMARK [0][-]{chapter.8}{\376\377\000D\000i\000s\000c\000u\000s\000s\000i\000o\000n\000\040\000a\000n\000d\000\040\000C\000o\000n\000c\000l\000u\000s\000i\000o\000n}{}% 61
\BOOKMARK [1][-]{section.8.1}{\376\377\000C\000o\000n\000c\000l\000u\000s\000i\000o\000n}{chapter.8}% 62
\BOOKMARK [1][-]{section.8.2}{\376\377\000R\000e\000c\000o\000m\000m\000e\000n\000d\000a\000t\000i\000o\000n\000s\000\040\000a\000n\000d\000\040\000F\000u\000t\000u\000r\000e\000\040\000W\000o\000r\000k}{chapter.8}% 63
\BOOKMARK [0][-]{chapter*.53}{\376\377\000R\000e\000f\000e\000r\000e\000n\000c\000e\000s}{}% 64
\BOOKMARK [0][-]{appendix.A}{\376\377\000R\000L\000\040\000A\000l\000g\000o\000r\000i\000t\000h\000m\000s}{}% 65
\BOOKMARK [1][-]{section.A.1}{\376\377\000O\000v\000e\000r\000v\000i\000e\000w\000\040\000o\000f\000\040\000R\000L\000\040\000A\000l\000g\000o\000r\000i\000t\000h\000m\000s}{appendix.A}% 66
\BOOKMARK [1][-]{section.A.2}{\376\377\000S\000e\000l\000e\000c\000t\000i\000o\000n\000\040\000o\000f\000\040\000R\000L\000\040\000A\000l\000g\000o\000r\000i\000t\000h\000m}{appendix.A}% 67
\BOOKMARK [0][-]{appendix.B}{\376\377\000R\000e\000s\000e\000a\000r\000c\000h\000\040\000P\000a\000p\000e\000r\000\040\000D\000r\000a\000f\000t}{}% 68
\BOOKMARK [0][-]{appendix*.55}{\376\377\000N\000o\000m\000e\000n\000c\000l\000a\000t\000u\000r\000e}{}% 69
