This is pdfTeX, Version 3.141592653-2.6-1.40.25 (TeX Live 2023/Debian) (preloaded format=pdflatex 2024.5.26)  10 JUL 2024 11:58
entering extended mode
 restricted \write18 enabled.
 %&-line parsing enabled.
**report.tex
(./report.tex
LaTeX2e <2023-06-01>
L3 programming layer <2023-06-05>
(./tudelft-report.cls
Document Class: tudelft-report 30-06-2023 v1.7 TU Delft Report Class
(/usr/share/texlive/texmf-dist/tex/latex/base/book.cls
Document Class: book 2023/05/17 v1.4n Standard LaTeX document class
(/usr/share/texlive/texmf-dist/tex/latex/base/bk10.clo
File: bk10.clo 2023/05/17 v1.4n Standard LaTeX file (size option)
)
\c@part=\count185
\c@chapter=\count186
\c@section=\count187
\c@subsection=\count188
\c@subsubsection=\count189
\c@paragraph=\count190
\c@subparagraph=\count191
\c@figure=\count192
\c@table=\count193
\abovecaptionskip=\skip48
\belowcaptionskip=\skip49
\bibindent=\dimen140
)
(/usr/share/texlive/texmf-dist/tex/latex/mathtools/mathtools.sty
Package: mathtools 2022/06/29 v1.29 mathematical typesetting tools

(/usr/share/texlive/texmf-dist/tex/latex/graphics/keyval.sty
Package: keyval 2022/05/29 v1.15 key=value parser (DPC)
\KV@toks@=\toks17
)
(/usr/share/texlive/texmf-dist/tex/latex/tools/calc.sty
Package: calc 2017/05/25 v4.3 Infix arithmetic (KKT,FJ)
\calc@Acount=\count194
\calc@Bcount=\count195
\calc@Adimen=\dimen141
\calc@Bdimen=\dimen142
\calc@Askip=\skip50
\calc@Bskip=\skip51
LaTeX Info: Redefining \setlength on input line 80.
LaTeX Info: Redefining \addtolength on input line 81.
\calc@Ccount=\count196
\calc@Cskip=\skip52
)
(/usr/share/texlive/texmf-dist/tex/latex/mathtools/mhsetup.sty
Package: mhsetup 2021/03/18 v1.4 programming setup (MH)
)
(/usr/share/texlive/texmf-dist/tex/latex/amsmath/amsmath.sty
Package: amsmath 2023/05/13 v2.17o AMS math features
\@mathmargin=\skip53

For additional information on amsmath, use the `?' option.
(/usr/share/texlive/texmf-dist/tex/latex/amsmath/amstext.sty
Package: amstext 2021/08/26 v2.01 AMS text

(/usr/share/texlive/texmf-dist/tex/latex/amsmath/amsgen.sty
File: amsgen.sty 1999/11/30 v2.0 generic functions
\@emptytoks=\toks18
\ex@=\dimen143
))
(/usr/share/texlive/texmf-dist/tex/latex/amsmath/amsbsy.sty
Package: amsbsy 1999/11/29 v1.2d Bold Symbols
\pmbraise@=\dimen144
)
(/usr/share/texlive/texmf-dist/tex/latex/amsmath/amsopn.sty
Package: amsopn 2022/04/08 v2.04 operator names
)
\inf@bad=\count197
LaTeX Info: Redefining \frac on input line 234.
\uproot@=\count198
\leftroot@=\count199
LaTeX Info: Redefining \overline on input line 399.
LaTeX Info: Redefining \colon on input line 410.
\classnum@=\count266
\DOTSCASE@=\count267
LaTeX Info: Redefining \ldots on input line 496.
LaTeX Info: Redefining \dots on input line 499.
LaTeX Info: Redefining \cdots on input line 620.
\Mathstrutbox@=\box51
\strutbox@=\box52
LaTeX Info: Redefining \big on input line 722.
LaTeX Info: Redefining \Big on input line 723.
LaTeX Info: Redefining \bigg on input line 724.
LaTeX Info: Redefining \Bigg on input line 725.
\big@size=\dimen145
LaTeX Font Info:    Redeclaring font encoding OML on input line 743.
LaTeX Font Info:    Redeclaring font encoding OMS on input line 744.
\macc@depth=\count268
LaTeX Info: Redefining \bmod on input line 905.
LaTeX Info: Redefining \pmod on input line 910.
LaTeX Info: Redefining \smash on input line 940.
LaTeX Info: Redefining \relbar on input line 970.
LaTeX Info: Redefining \Relbar on input line 971.
\c@MaxMatrixCols=\count269
\dotsspace@=\muskip16
\c@parentequation=\count270
\dspbrk@lvl=\count271
\tag@help=\toks19
\row@=\count272
\column@=\count273
\maxfields@=\count274
\andhelp@=\toks20
\eqnshift@=\dimen146
\alignsep@=\dimen147
\tagshift@=\dimen148
\tagwidth@=\dimen149
\totwidth@=\dimen150
\lineht@=\dimen151
\@envbody=\toks21
\multlinegap=\skip54
\multlinetaggap=\skip55
\mathdisplay@stack=\toks22
LaTeX Info: Redefining \[ on input line 2953.
LaTeX Info: Redefining \] on input line 2954.
)
\g_MT_multlinerow_int=\count275
\l_MT_multwidth_dim=\dimen152
\origjot=\skip56
\l_MT_shortvdotswithinadjustabove_dim=\dimen153
\l_MT_shortvdotswithinadjustbelow_dim=\dimen154
\l_MT_above_intertext_sep=\dimen155
\l_MT_below_intertext_sep=\dimen156
\l_MT_above_shortintertext_sep=\dimen157
\l_MT_below_shortintertext_sep=\dimen158
\xmathstrut@box=\box53
\xmathstrut@dim=\dimen159
)
(/usr/share/texlive/texmf-dist/tex/latex/amsfonts/amssymb.sty
Package: amssymb 2013/01/14 v3.01 AMS font symbols

(/usr/share/texlive/texmf-dist/tex/latex/amsfonts/amsfonts.sty
Package: amsfonts 2013/01/14 v3.01 Basic AMSFonts support
\symAMSa=\mathgroup4
\symAMSb=\mathgroup5
LaTeX Font Info:    Redeclaring math symbol \hbar on input line 98.
LaTeX Font Info:    Overwriting math alphabet `\mathfrak' in version `bold'
(Font)                  U/euf/m/n --> U/euf/b/n on input line 106.
))
(/usr/share/texlive/texmf-dist/tex/latex/siunitx/siunitx.sty
Package: siunitx 2023-06-12 v3.2.6 A comprehensive (SI) units package
\l__siunitx_angle_tmp_dim=\dimen160
\l__siunitx_angle_marker_box=\box54
\l__siunitx_angle_unit_box=\box55
\l__siunitx_compound_count_int=\count276

(/usr/share/texlive/texmf-dist/tex/latex/translations/translations.sty
Package: translations 2022/02/05 v1.12 internationalization of LaTeX2e packages
 (CN)

(/usr/share/texlive/texmf-dist/tex/latex/etoolbox/etoolbox.sty
Package: etoolbox 2020/10/05 v2.5k e-TeX tools for LaTeX (JAW)
\etb@tempcnta=\count277
)
(/usr/share/texlive/texmf-dist/tex/generic/pdftexcmds/pdftexcmds.sty
Package: pdftexcmds 2020-06-27 v0.33 Utility functions of pdfTeX for LuaTeX (HO
)

(/usr/share/texlive/texmf-dist/tex/generic/infwarerr/infwarerr.sty
Package: infwarerr 2019/12/03 v1.5 Providing info/warning/error messages (HO)
)
(/usr/share/texlive/texmf-dist/tex/generic/iftex/iftex.sty
Package: iftex 2022/02/03 v1.0f TeX engine tests
)
(/usr/share/texlive/texmf-dist/tex/generic/ltxcmds/ltxcmds.sty
Package: ltxcmds 2020-05-10 v1.25 LaTeX kernel commands for general use (HO)
)
Package pdftexcmds Info: \pdf@primitive is available.
Package pdftexcmds Info: \pdf@ifprimitive is available.
Package pdftexcmds Info: \pdfdraftmode found.
))
\l__siunitx_number_exponent_fixed_int=\count278
\l__siunitx_number_min_decimal_int=\count279
\l__siunitx_number_min_integer_int=\count280
\l__siunitx_number_round_precision_int=\count281
\l__siunitx_number_lower_threshold_int=\count282
\l__siunitx_number_upper_threshold_int=\count283
\l__siunitx_number_group_first_int=\count284
\l__siunitx_number_group_size_int=\count285
\l__siunitx_number_group_minimum_int=\count286
\l__siunitx_table_tmp_box=\box56
\l__siunitx_table_tmp_dim=\dimen161
\l__siunitx_table_column_width_dim=\dimen162
\l__siunitx_table_integer_box=\box57
\l__siunitx_table_decimal_box=\box58
\l__siunitx_table_uncert_box=\box59
\l__siunitx_table_before_box=\box60
\l__siunitx_table_after_box=\box61
\l__siunitx_table_before_dim=\dimen163
\l__siunitx_table_carry_dim=\dimen164
\l__siunitx_unit_tmp_int=\count287
\l__siunitx_unit_position_int=\count288
\l__siunitx_unit_total_int=\count289

(/usr/share/texlive/texmf-dist/tex/latex/tools/array.sty
Package: array 2022/09/04 v2.5g Tabular extension package (FMi)
\col@sep=\dimen165
\ar@mcellbox=\box62
\extrarowheight=\dimen166
\NC@list=\toks23
\extratabsurround=\skip57
\backup@length=\skip58
\ar@cellbox=\box63
))
(/usr/share/texlive/texmf-dist/tex/latex/tools/tabularx.sty
Package: tabularx 2020/01/15 v2.11c `tabularx' package (DPC)
\TX@col@width=\dimen167
\TX@old@table=\dimen168
\TX@old@col=\dimen169
\TX@target=\dimen170
\TX@delta=\dimen171
\TX@cols=\count290
\TX@ftn=\toks24
)
(/usr/share/texlive/texmf-dist/tex/latex/booktabs/booktabs.sty
Package: booktabs 2020/01/12 v1.61803398 Publication quality tables
\heavyrulewidth=\dimen172
\lightrulewidth=\dimen173
\cmidrulewidth=\dimen174
\belowrulesep=\dimen175
\belowbottomsep=\dimen176
\aboverulesep=\dimen177
\abovetopsep=\dimen178
\cmidrulesep=\dimen179
\cmidrulekern=\dimen180
\defaultaddspace=\dimen181
\@cmidla=\count291
\@cmidlb=\count292
\@aboverulesep=\dimen182
\@belowrulesep=\dimen183
\@thisruleclass=\count293
\@lastruleclass=\count294
\@thisrulewidth=\dimen184
)
(/usr/share/texlive/texmf-dist/tex/latex/tools/longtable.sty
Package: longtable 2021-09-01 v4.17 Multi-page Table package (DPC)
\LTleft=\skip59
\LTright=\skip60
\LTpre=\skip61
\LTpost=\skip62
\LTchunksize=\count295
\LTcapwidth=\dimen185
\LT@head=\box64
\LT@firsthead=\box65
\LT@foot=\box66
\LT@lastfoot=\box67
\LT@gbox=\box68
\LT@cols=\count296
\LT@rows=\count297
\c@LT@tables=\count298
\c@LT@chunks=\count299
\LT@p@ftn=\toks25
)
(/usr/share/texlive/texmf-dist/tex/latex/multirow/multirow.sty
Package: multirow 2021/03/15 v2.8 Span multiple rows of a table
\multirow@colwidth=\skip63
\multirow@cntb=\count300
\multirow@dima=\skip64
\bigstrutjot=\dimen186
)
(/usr/share/texlive/texmf-dist/tex/latex/graphics/graphicx.sty
Package: graphicx 2021/09/16 v1.2d Enhanced LaTeX Graphics (DPC,SPQR)

(/usr/share/texlive/texmf-dist/tex/latex/graphics/graphics.sty
Package: graphics 2022/03/10 v1.4e Standard LaTeX Graphics (DPC,SPQR)

(/usr/share/texlive/texmf-dist/tex/latex/graphics/trig.sty
Package: trig 2021/08/11 v1.11 sin cos tan (DPC)
)
(/usr/share/texlive/texmf-dist/tex/latex/graphics-cfg/graphics.cfg
File: graphics.cfg 2016/06/04 v1.11 sample graphics configuration
)
Package graphics Info: Driver file: pdftex.def on input line 107.

(/usr/share/texlive/texmf-dist/tex/latex/graphics-def/pdftex.def
File: pdftex.def 2022/09/22 v1.2b Graphics/color driver for pdftex
))
\Gin@req@height=\dimen187
\Gin@req@width=\dimen188
)
(/usr/share/texlive/texmf-dist/tex/latex/float/float.sty
Package: float 2001/11/08 v1.3d Float enhancements (AL)
\c@float@type=\count301
\float@exts=\toks26
\float@box=\box69
\@float@everytoks=\toks27
\@floatcapt=\box70
)
(/usr/share/texlive/texmf-dist/tex/latex/caption/caption.sty
Package: caption 2023/03/12 v3.6j Customizing captions (AR)

(/usr/share/texlive/texmf-dist/tex/latex/caption/caption3.sty
Package: caption3 2023/03/12 v2.4 caption3 kernel (AR)
\caption@tempdima=\dimen189
\captionmargin=\dimen190
\caption@leftmargin=\dimen191
\caption@rightmargin=\dimen192
\caption@width=\dimen193
\caption@indent=\dimen194
\caption@parindent=\dimen195
\caption@hangindent=\dimen196
Package caption Info: Standard document class detected.
)
\c@caption@flags=\count302
\c@continuedfloat=\count303
Package caption Info: float package is loaded.
Package caption Info: longtable package is loaded.

(/usr/share/texlive/texmf-dist/tex/latex/caption/ltcaption.sty
Package: ltcaption 2021/01/08 v1.4c longtable captions (AR)
))
(/usr/share/texlive/texmf-dist/tex/latex/caption/subcaption.sty
Package: subcaption 2023/02/19 v1.6 Sub-captions (AR)
Package caption Info: New subtype `subfigure' on input line 239.
\c@subfigure=\count304
Package caption Info: New subtype `subtable' on input line 239.
\c@subtable=\count305
)
(/usr/share/texlive/texmf-dist/tex/latex/pdfpages/pdfpages.sty
Package: pdfpages 2022/12/19 v0.5x Insert pages of external PDF documents (AM)

(/usr/share/texlive/texmf-dist/tex/latex/base/ifthen.sty
Package: ifthen 2022/04/13 v1.1d Standard LaTeX ifthen package (DPC)
)
(/usr/share/texlive/texmf-dist/tex/latex/eso-pic/eso-pic.sty
Package: eso-pic 2023/05/03 v3.0c eso-pic (RN)
\ESO@tempdima=\dimen197
\ESO@tempdimb=\dimen198

(/usr/share/texlive/texmf-dist/tex/latex/xcolor/xcolor.sty
Package: xcolor 2022/06/12 v2.14 LaTeX color extensions (UK)

(/usr/share/texlive/texmf-dist/tex/latex/graphics-cfg/color.cfg
File: color.cfg 2016/01/02 v1.6 sample color configuration
)
Package xcolor Info: Driver file: pdftex.def on input line 227.

(/usr/share/texlive/texmf-dist/tex/latex/graphics/mathcolor.ltx)
Package xcolor Info: Model `cmy' substituted by `cmy0' on input line 1353.
Package xcolor Info: Model `hsb' substituted by `rgb' on input line 1357.
Package xcolor Info: Model `RGB' extended on input line 1369.
Package xcolor Info: Model `HTML' substituted by `rgb' on input line 1371.
Package xcolor Info: Model `Hsb' substituted by `hsb' on input line 1372.
Package xcolor Info: Model `tHsb' substituted by `hsb' on input line 1373.
Package xcolor Info: Model `HSB' substituted by `hsb' on input line 1374.
Package xcolor Info: Model `Gray' substituted by `gray' on input line 1375.
Package xcolor Info: Model `wave' substituted by `hsb' on input line 1376.
))
\AM@pagewidth=\dimen199
\AM@pageheight=\dimen256
\AM@fboxrule=\dimen257

(/usr/share/texlive/texmf-dist/tex/latex/pdfpages/pppdftex.def
File: pppdftex.def 2022/12/19 v0.5x Pdfpages driver for pdfTeX (AM)
)
\pdfpages@includegraphics@status=\count306
\AM@pagebox=\box71
\AM@global@opts=\toks28
\AM@pagecnt=\count307
\AM@toc@title=\toks29
\AM@lof@heading=\toks30
\c@AM@survey=\count308
\AM@templatesizebox=\box72
)
(/usr/share/texlive/texmf-dist/tex/latex/hyperref/hyperref.sty
Package: hyperref 2023-05-16 v7.00y Hypertext links for LaTeX

(/usr/share/texlive/texmf-dist/tex/latex/kvsetkeys/kvsetkeys.sty
Package: kvsetkeys 2022-10-05 v1.19 Key value parser (HO)
)
(/usr/share/texlive/texmf-dist/tex/generic/kvdefinekeys/kvdefinekeys.sty
Package: kvdefinekeys 2019-12-19 v1.6 Define keys (HO)
)
(/usr/share/texlive/texmf-dist/tex/generic/pdfescape/pdfescape.sty
Package: pdfescape 2019/12/09 v1.15 Implements pdfTeX's escape features (HO)
)
(/usr/share/texlive/texmf-dist/tex/latex/hycolor/hycolor.sty
Package: hycolor 2020-01-27 v1.10 Color options for hyperref/bookmark (HO)
)
(/usr/share/texlive/texmf-dist/tex/latex/letltxmacro/letltxmacro.sty
Package: letltxmacro 2019/12/03 v1.6 Let assignment for LaTeX macros (HO)
)
(/usr/share/texlive/texmf-dist/tex/latex/auxhook/auxhook.sty
Package: auxhook 2019-12-17 v1.6 Hooks for auxiliary files (HO)
)
(/usr/share/texlive/texmf-dist/tex/latex/hyperref/nameref.sty
Package: nameref 2023-05-16 v2.51 Cross-referencing by name of section

(/usr/share/texlive/texmf-dist/tex/latex/refcount/refcount.sty
Package: refcount 2019/12/15 v3.6 Data extraction from label references (HO)
)
(/usr/share/texlive/texmf-dist/tex/generic/gettitlestring/gettitlestring.sty
Package: gettitlestring 2019/12/15 v1.6 Cleanup title references (HO)

(/usr/share/texlive/texmf-dist/tex/latex/kvoptions/kvoptions.sty
Package: kvoptions 2022-06-15 v3.15 Key value format for package options (HO)
))
\c@section@level=\count309
)
\@linkdim=\dimen258
\Hy@linkcounter=\count310
\Hy@pagecounter=\count311

(/usr/share/texlive/texmf-dist/tex/latex/hyperref/pd1enc.def
File: pd1enc.def 2023-05-16 v7.00y Hyperref: PDFDocEncoding definition (HO)
Now handling font encoding PD1 ...
... no UTF-8 mapping file for font encoding PD1
)
(/usr/share/texlive/texmf-dist/tex/generic/intcalc/intcalc.sty
Package: intcalc 2019/12/15 v1.3 Expandable calculations with integers (HO)
)
\Hy@SavedSpaceFactor=\count312

(/usr/share/texlive/texmf-dist/tex/latex/hyperref/puenc.def
File: puenc.def 2023-05-16 v7.00y Hyperref: PDF Unicode definition (HO)
Now handling font encoding PU ...
... no UTF-8 mapping file for font encoding PU
)
Package hyperref Info: Option `pdfusetitle' set `true' on input line 4050.
Package hyperref Info: Hyper figures OFF on input line 4167.
Package hyperref Info: Link nesting OFF on input line 4172.
Package hyperref Info: Hyper index ON on input line 4175.
Package hyperref Info: Plain pages OFF on input line 4182.
Package hyperref Info: Backreferencing OFF on input line 4187.
Package hyperref Info: Implicit mode ON; LaTeX internals redefined.
Package hyperref Info: Bookmarks ON on input line 4434.
\c@Hy@tempcnt=\count313

(/usr/share/texlive/texmf-dist/tex/latex/url/url.sty
\Urlmuskip=\muskip17
Package: url 2013/09/16  ver 3.4  Verb mode for urls, etc.
)
LaTeX Info: Redefining \url on input line 4772.
\XeTeXLinkMargin=\dimen259

(/usr/share/texlive/texmf-dist/tex/generic/bitset/bitset.sty
Package: bitset 2019/12/09 v1.3 Handle bit-vector datatype (HO)

(/usr/share/texlive/texmf-dist/tex/generic/bigintcalc/bigintcalc.sty
Package: bigintcalc 2019/12/15 v1.5 Expandable calculations on big integers (HO
)
))
\Fld@menulength=\count314
\Field@Width=\dimen260
\Fld@charsize=\dimen261
Package hyperref Info: Hyper figures OFF on input line 6051.
Package hyperref Info: Link nesting OFF on input line 6056.
Package hyperref Info: Hyper index ON on input line 6059.
Package hyperref Info: backreferencing OFF on input line 6066.
Package hyperref Info: Link coloring OFF on input line 6071.
Package hyperref Info: Link coloring with OCG OFF on input line 6076.
Package hyperref Info: PDF/A mode OFF on input line 6081.

(/usr/share/texlive/texmf-dist/tex/latex/base/atbegshi-ltx.sty
Package: atbegshi-ltx 2021/01/10 v1.0c Emulation of the original atbegshi
package with kernel methods
)
\Hy@abspage=\count315
\c@Item=\count316
\c@Hfootnote=\count317
)
Package hyperref Info: Driver (autodetected): hpdftex.

(/usr/share/texlive/texmf-dist/tex/latex/hyperref/hpdftex.def
File: hpdftex.def 2023-05-16 v7.00y Hyperref driver for pdfTeX

(/usr/share/texlive/texmf-dist/tex/latex/base/atveryend-ltx.sty
Package: atveryend-ltx 2020/08/19 v1.0a Emulation of the original atveryend pac
kage
with kernel methods
)
\Fld@listcount=\count318
\c@bookmark@seq@number=\count319

(/usr/share/texlive/texmf-dist/tex/latex/rerunfilecheck/rerunfilecheck.sty
Package: rerunfilecheck 2022-07-10 v1.10 Rerun checks for auxiliary files (HO)

(/usr/share/texlive/texmf-dist/tex/generic/uniquecounter/uniquecounter.sty
Package: uniquecounter 2019/12/15 v1.4 Provide unlimited unique counter (HO)
)
Package uniquecounter Info: New unique counter `rerunfilecheck' on input line 2
85.
)
\Hy@SectionHShift=\skip65
)
(/usr/share/texlive/texmf-dist/tex/latex/cleveref/cleveref.sty
Package: cleveref 2018/03/27 v0.21.4 Intelligent cross-referencing
Package cleveref Info: `hyperref' support loaded on input line 2370.
LaTeX Info: Redefining \cref on input line 2370.
LaTeX Info: Redefining \Cref on input line 2370.
LaTeX Info: Redefining \crefrange on input line 2370.
LaTeX Info: Redefining \Crefrange on input line 2370.
LaTeX Info: Redefining \cpageref on input line 2370.
LaTeX Info: Redefining \Cpageref on input line 2370.
LaTeX Info: Redefining \cpagerefrange on input line 2370.
LaTeX Info: Redefining \Cpagerefrange on input line 2370.
LaTeX Info: Redefining \labelcref on input line 2370.
LaTeX Info: Redefining \labelcpageref on input line 2370.
Package cleveref Info: no abbreviation of names on input line 7852.
)
(/usr/share/texlive/texmf-dist/tex/latex/pgf/frontendlayer/tikz.sty
(/usr/share/texlive/texmf-dist/tex/latex/pgf/basiclayer/pgf.sty
(/usr/share/texlive/texmf-dist/tex/latex/pgf/utilities/pgfrcs.sty
(/usr/share/texlive/texmf-dist/tex/generic/pgf/utilities/pgfutil-common.tex
\pgfutil@everybye=\toks31
\pgfutil@tempdima=\dimen262
\pgfutil@tempdimb=\dimen263
)
(/usr/share/texlive/texmf-dist/tex/generic/pgf/utilities/pgfutil-latex.def
\pgfutil@abb=\box73
)
(/usr/share/texlive/texmf-dist/tex/generic/pgf/utilities/pgfrcs.code.tex
(/usr/share/texlive/texmf-dist/tex/generic/pgf/pgf.revision.tex)
Package: pgfrcs 2023-01-15 v3.1.10 (3.1.10)
))
Package: pgf 2023-01-15 v3.1.10 (3.1.10)

(/usr/share/texlive/texmf-dist/tex/latex/pgf/basiclayer/pgfcore.sty
(/usr/share/texlive/texmf-dist/tex/latex/pgf/systemlayer/pgfsys.sty
(/usr/share/texlive/texmf-dist/tex/generic/pgf/systemlayer/pgfsys.code.tex
Package: pgfsys 2023-01-15 v3.1.10 (3.1.10)

(/usr/share/texlive/texmf-dist/tex/generic/pgf/utilities/pgfkeys.code.tex
\pgfkeys@pathtoks=\toks32
\pgfkeys@temptoks=\toks33

(/usr/share/texlive/texmf-dist/tex/generic/pgf/utilities/pgfkeyslibraryfiltered
.code.tex
\pgfkeys@tmptoks=\toks34
))
\pgf@x=\dimen264
\pgf@y=\dimen265
\pgf@xa=\dimen266
\pgf@ya=\dimen267
\pgf@xb=\dimen268
\pgf@yb=\dimen269
\pgf@xc=\dimen270
\pgf@yc=\dimen271
\pgf@xd=\dimen272
\pgf@yd=\dimen273
\w@pgf@writea=\write3
\r@pgf@reada=\read2
\c@pgf@counta=\count320
\c@pgf@countb=\count321
\c@pgf@countc=\count322
\c@pgf@countd=\count323
\t@pgf@toka=\toks35
\t@pgf@tokb=\toks36
\t@pgf@tokc=\toks37
\pgf@sys@id@count=\count324
 (/usr/share/texlive/texmf-dist/tex/generic/pgf/systemlayer/pgf.cfg
File: pgf.cfg 2023-01-15 v3.1.10 (3.1.10)
)
Driver file for pgf: pgfsys-pdftex.def
(/usr/share/texlive/texmf-dist/tex/generic/pgf/systemlayer/pgfsys-pdftex.def
File: pgfsys-pdftex.def 2023-01-15 v3.1.10 (3.1.10)

(/usr/share/texlive/texmf-dist/tex/generic/pgf/systemlayer/pgfsys-common-pdf.de
f
File: pgfsys-common-pdf.def 2023-01-15 v3.1.10 (3.1.10)
)))
(/usr/share/texlive/texmf-dist/tex/generic/pgf/systemlayer/pgfsyssoftpath.code.
tex
File: pgfsyssoftpath.code.tex 2023-01-15 v3.1.10 (3.1.10)
\pgfsyssoftpath@smallbuffer@items=\count325
\pgfsyssoftpath@bigbuffer@items=\count326
)
(/usr/share/texlive/texmf-dist/tex/generic/pgf/systemlayer/pgfsysprotocol.code.
tex
File: pgfsysprotocol.code.tex 2023-01-15 v3.1.10 (3.1.10)
))
(/usr/share/texlive/texmf-dist/tex/generic/pgf/basiclayer/pgfcore.code.tex
Package: pgfcore 2023-01-15 v3.1.10 (3.1.10)

(/usr/share/texlive/texmf-dist/tex/generic/pgf/math/pgfmath.code.tex
(/usr/share/texlive/texmf-dist/tex/generic/pgf/math/pgfmathutil.code.tex)
(/usr/share/texlive/texmf-dist/tex/generic/pgf/math/pgfmathparser.code.tex
\pgfmath@dimen=\dimen274
\pgfmath@count=\count327
\pgfmath@box=\box74
\pgfmath@toks=\toks38
\pgfmath@stack@operand=\toks39
\pgfmath@stack@operation=\toks40
)
(/usr/share/texlive/texmf-dist/tex/generic/pgf/math/pgfmathfunctions.code.tex)
(/usr/share/texlive/texmf-dist/tex/generic/pgf/math/pgfmathfunctions.basic.code
.tex)
(/usr/share/texlive/texmf-dist/tex/generic/pgf/math/pgfmathfunctions.trigonomet
ric.code.tex)
(/usr/share/texlive/texmf-dist/tex/generic/pgf/math/pgfmathfunctions.random.cod
e.tex)
(/usr/share/texlive/texmf-dist/tex/generic/pgf/math/pgfmathfunctions.comparison
.code.tex)
(/usr/share/texlive/texmf-dist/tex/generic/pgf/math/pgfmathfunctions.base.code.
tex)
(/usr/share/texlive/texmf-dist/tex/generic/pgf/math/pgfmathfunctions.round.code
.tex)
(/usr/share/texlive/texmf-dist/tex/generic/pgf/math/pgfmathfunctions.misc.code.
tex)
(/usr/share/texlive/texmf-dist/tex/generic/pgf/math/pgfmathfunctions.integerari
thmetics.code.tex)
(/usr/share/texlive/texmf-dist/tex/generic/pgf/math/pgfmathcalc.code.tex)
(/usr/share/texlive/texmf-dist/tex/generic/pgf/math/pgfmathfloat.code.tex
\c@pgfmathroundto@lastzeros=\count328
))
(/usr/share/texlive/texmf-dist/tex/generic/pgf/math/pgfint.code.tex)
(/usr/share/texlive/texmf-dist/tex/generic/pgf/basiclayer/pgfcorepoints.code.te
x
File: pgfcorepoints.code.tex 2023-01-15 v3.1.10 (3.1.10)
\pgf@picminx=\dimen275
\pgf@picmaxx=\dimen276
\pgf@picminy=\dimen277
\pgf@picmaxy=\dimen278
\pgf@pathminx=\dimen279
\pgf@pathmaxx=\dimen280
\pgf@pathminy=\dimen281
\pgf@pathmaxy=\dimen282
\pgf@xx=\dimen283
\pgf@xy=\dimen284
\pgf@yx=\dimen285
\pgf@yy=\dimen286
\pgf@zx=\dimen287
\pgf@zy=\dimen288
)
(/usr/share/texlive/texmf-dist/tex/generic/pgf/basiclayer/pgfcorepathconstruct.
code.tex
File: pgfcorepathconstruct.code.tex 2023-01-15 v3.1.10 (3.1.10)
\pgf@path@lastx=\dimen289
\pgf@path@lasty=\dimen290
)
(/usr/share/texlive/texmf-dist/tex/generic/pgf/basiclayer/pgfcorepathusage.code
.tex
File: pgfcorepathusage.code.tex 2023-01-15 v3.1.10 (3.1.10)
\pgf@shorten@end@additional=\dimen291
\pgf@shorten@start@additional=\dimen292
)
(/usr/share/texlive/texmf-dist/tex/generic/pgf/basiclayer/pgfcorescopes.code.te
x
File: pgfcorescopes.code.tex 2023-01-15 v3.1.10 (3.1.10)
\pgfpic=\box75
\pgf@hbox=\box76
\pgf@layerbox@main=\box77
\pgf@picture@serial@count=\count329
)
(/usr/share/texlive/texmf-dist/tex/generic/pgf/basiclayer/pgfcoregraphicstate.c
ode.tex
File: pgfcoregraphicstate.code.tex 2023-01-15 v3.1.10 (3.1.10)
\pgflinewidth=\dimen293
)
(/usr/share/texlive/texmf-dist/tex/generic/pgf/basiclayer/pgfcoretransformation
s.code.tex
File: pgfcoretransformations.code.tex 2023-01-15 v3.1.10 (3.1.10)
\pgf@pt@x=\dimen294
\pgf@pt@y=\dimen295
\pgf@pt@temp=\dimen296
)
(/usr/share/texlive/texmf-dist/tex/generic/pgf/basiclayer/pgfcorequick.code.tex
File: pgfcorequick.code.tex 2023-01-15 v3.1.10 (3.1.10)
)
(/usr/share/texlive/texmf-dist/tex/generic/pgf/basiclayer/pgfcoreobjects.code.t
ex
File: pgfcoreobjects.code.tex 2023-01-15 v3.1.10 (3.1.10)
)
(/usr/share/texlive/texmf-dist/tex/generic/pgf/basiclayer/pgfcorepathprocessing
.code.tex
File: pgfcorepathprocessing.code.tex 2023-01-15 v3.1.10 (3.1.10)
)
(/usr/share/texlive/texmf-dist/tex/generic/pgf/basiclayer/pgfcorearrows.code.te
x
File: pgfcorearrows.code.tex 2023-01-15 v3.1.10 (3.1.10)
\pgfarrowsep=\dimen297
)
(/usr/share/texlive/texmf-dist/tex/generic/pgf/basiclayer/pgfcoreshade.code.tex
File: pgfcoreshade.code.tex 2023-01-15 v3.1.10 (3.1.10)
\pgf@max=\dimen298
\pgf@sys@shading@range@num=\count330
\pgf@shadingcount=\count331
)
(/usr/share/texlive/texmf-dist/tex/generic/pgf/basiclayer/pgfcoreimage.code.tex
File: pgfcoreimage.code.tex 2023-01-15 v3.1.10 (3.1.10)
)
(/usr/share/texlive/texmf-dist/tex/generic/pgf/basiclayer/pgfcoreexternal.code.
tex
File: pgfcoreexternal.code.tex 2023-01-15 v3.1.10 (3.1.10)
\pgfexternal@startupbox=\box78
)
(/usr/share/texlive/texmf-dist/tex/generic/pgf/basiclayer/pgfcorelayers.code.te
x
File: pgfcorelayers.code.tex 2023-01-15 v3.1.10 (3.1.10)
)
(/usr/share/texlive/texmf-dist/tex/generic/pgf/basiclayer/pgfcoretransparency.c
ode.tex
File: pgfcoretransparency.code.tex 2023-01-15 v3.1.10 (3.1.10)
)
(/usr/share/texlive/texmf-dist/tex/generic/pgf/basiclayer/pgfcorepatterns.code.
tex
File: pgfcorepatterns.code.tex 2023-01-15 v3.1.10 (3.1.10)
)
(/usr/share/texlive/texmf-dist/tex/generic/pgf/basiclayer/pgfcorerdf.code.tex
File: pgfcorerdf.code.tex 2023-01-15 v3.1.10 (3.1.10)
)))
(/usr/share/texlive/texmf-dist/tex/generic/pgf/modules/pgfmoduleshapes.code.tex
File: pgfmoduleshapes.code.tex 2023-01-15 v3.1.10 (3.1.10)
\pgfnodeparttextbox=\box79
) (/usr/share/texlive/texmf-dist/tex/generic/pgf/modules/pgfmoduleplot.code.tex
File: pgfmoduleplot.code.tex 2023-01-15 v3.1.10 (3.1.10)
)
(/usr/share/texlive/texmf-dist/tex/latex/pgf/compatibility/pgfcomp-version-0-65
.sty
Package: pgfcomp-version-0-65 2023-01-15 v3.1.10 (3.1.10)
\pgf@nodesepstart=\dimen299
\pgf@nodesepend=\dimen300
)
(/usr/share/texlive/texmf-dist/tex/latex/pgf/compatibility/pgfcomp-version-1-18
.sty
Package: pgfcomp-version-1-18 2023-01-15 v3.1.10 (3.1.10)
)) (/usr/share/texlive/texmf-dist/tex/latex/pgf/utilities/pgffor.sty
(/usr/share/texlive/texmf-dist/tex/latex/pgf/utilities/pgfkeys.sty
(/usr/share/texlive/texmf-dist/tex/generic/pgf/utilities/pgfkeys.code.tex))
(/usr/share/texlive/texmf-dist/tex/latex/pgf/math/pgfmath.sty
(/usr/share/texlive/texmf-dist/tex/generic/pgf/math/pgfmath.code.tex))
(/usr/share/texlive/texmf-dist/tex/generic/pgf/utilities/pgffor.code.tex
Package: pgffor 2023-01-15 v3.1.10 (3.1.10)
\pgffor@iter=\dimen301
\pgffor@skip=\dimen302
\pgffor@stack=\toks41
\pgffor@toks=\toks42
))
(/usr/share/texlive/texmf-dist/tex/generic/pgf/frontendlayer/tikz/tikz.code.tex
Package: tikz 2023-01-15 v3.1.10 (3.1.10)

(/usr/share/texlive/texmf-dist/tex/generic/pgf/libraries/pgflibraryplothandlers
.code.tex
File: pgflibraryplothandlers.code.tex 2023-01-15 v3.1.10 (3.1.10)
\pgf@plot@mark@count=\count332
\pgfplotmarksize=\dimen303
)
\tikz@lastx=\dimen304
\tikz@lasty=\dimen305
\tikz@lastxsaved=\dimen306
\tikz@lastysaved=\dimen307
\tikz@lastmovetox=\dimen308
\tikz@lastmovetoy=\dimen309
\tikzleveldistance=\dimen310
\tikzsiblingdistance=\dimen311
\tikz@figbox=\box80
\tikz@figbox@bg=\box81
\tikz@tempbox=\box82
\tikz@tempbox@bg=\box83
\tikztreelevel=\count333
\tikznumberofchildren=\count334
\tikznumberofcurrentchild=\count335
\tikz@fig@count=\count336

(/usr/share/texlive/texmf-dist/tex/generic/pgf/modules/pgfmodulematrix.code.tex
File: pgfmodulematrix.code.tex 2023-01-15 v3.1.10 (3.1.10)
\pgfmatrixcurrentrow=\count337
\pgfmatrixcurrentcolumn=\count338
\pgf@matrix@numberofcolumns=\count339
)
\tikz@expandcount=\count340

(/usr/share/texlive/texmf-dist/tex/generic/pgf/frontendlayer/tikz/libraries/tik
zlibrarytopaths.code.tex
File: tikzlibrarytopaths.code.tex 2023-01-15 v3.1.10 (3.1.10)
)))
(/usr/share/texlive/texmf-dist/tex/latex/tools/xspace.sty
Package: xspace 2014/10/28 v1.13 Space after command names (DPC,MH)
)
(/usr/share/texlive/texmf-dist/tex/latex/microtype/microtype.sty
Package: microtype 2023/03/13 v3.1a Micro-typographical refinements (RS)
\MT@toks=\toks43
\MT@tempbox=\box84
\MT@count=\count341
LaTeX Info: Redefining \noprotrusionifhmode on input line 1059.
LaTeX Info: Redefining \leftprotrusion on input line 1060.
\MT@prot@toks=\toks44
LaTeX Info: Redefining \rightprotrusion on input line 1078.
LaTeX Info: Redefining \textls on input line 1368.
\MT@outer@kern=\dimen312
LaTeX Info: Redefining \textmicrotypecontext on input line 1988.
\MT@listname@count=\count342

(/usr/share/texlive/texmf-dist/tex/latex/microtype/microtype-pdftex.def
File: microtype-pdftex.def 2023/03/13 v3.1a Definitions specific to pdftex (RS)

LaTeX Info: Redefining \lsstyle on input line 902.
LaTeX Info: Redefining \lslig on input line 902.
\MT@outer@space=\skip66
)
Package microtype Info: Loading configuration file microtype.cfg.

(/usr/share/texlive/texmf-dist/tex/latex/microtype/microtype.cfg
File: microtype.cfg 2023/03/13 v3.1a microtype main configuration file (RS)
))
(/usr/share/texlive/texmf-dist/tex/latex/geometry/geometry.sty
Package: geometry 2020/01/02 v5.9 Page Geometry

(/usr/share/texlive/texmf-dist/tex/generic/iftex/ifvtex.sty
Package: ifvtex 2019/10/25 v1.7 ifvtex legacy package. Use iftex instead.
)
\Gm@cnth=\count343
\Gm@cntv=\count344
\c@Gm@tempcnt=\count345
\Gm@bindingoffset=\dimen313
\Gm@wd@mp=\dimen314
\Gm@odd@mp=\dimen315
\Gm@even@mp=\dimen316
\Gm@layoutwidth=\dimen317
\Gm@layoutheight=\dimen318
\Gm@layouthoffset=\dimen319
\Gm@layoutvoffset=\dimen320
\Gm@dimlist=\toks45
)
(/usr/share/texlive/texmf-dist/tex/latex/titlesec/titlesec.sty
Package: titlesec 2021/07/05 v2.14 Sectioning titles
\ttl@box=\box85
\beforetitleunit=\skip67
\aftertitleunit=\skip68
\ttl@plus=\dimen321
\ttl@minus=\dimen322
\ttl@toksa=\toks46
\titlewidth=\dimen323
\titlewidthlast=\dimen324
\titlewidthfirst=\dimen325
)
(/usr/share/texlive/texmf-dist/tex/latex/titlesec/titletoc.sty
Package: titletoc 2021/07/05 v2.14 TOC entries
\ttl@leftsep=\dimen326
)
(/usr/share/texlive/texmf-dist/tex/latex/fancyhdr/fancyhdr.sty
Package: fancyhdr 2022/11/09 v4.1 Extensive control of page headers and footers

\f@nch@headwidth=\skip69
\f@nch@O@elh=\skip70
\f@nch@O@erh=\skip71
\f@nch@O@olh=\skip72
\f@nch@O@orh=\skip73
\f@nch@O@elf=\skip74
\f@nch@O@erf=\skip75
\f@nch@O@olf=\skip76
\f@nch@O@orf=\skip77
)
(/usr/share/texlive/texmf-dist/tex/latex/enumitem/enumitem.sty
Package: enumitem 2019/06/20 v3.9 Customized lists
\labelindent=\skip78
\enit@outerparindent=\dimen327
\enit@toks=\toks47
\enit@inbox=\box86
\enit@count@id=\count346
\enitdp@description=\count347
)
(/usr/share/texlive/texmf-dist/tex/latex/datetime/datetime.sty
Package: datetime 2015/03/20 v2.60 Date Time Package

(/usr/share/texlive/texmf-dist/tex/latex/fmtcount/fmtcount.sty
Package: fmtcount 2020/01/30 v3.07

(/usr/share/texlive/texmf-dist/tex/latex/xkeyval/xkeyval.sty
Package: xkeyval 2022/06/16 v2.9 package option processing (HA)

(/usr/share/texlive/texmf-dist/tex/generic/xkeyval/xkeyval.tex
(/usr/share/texlive/texmf-dist/tex/generic/xkeyval/xkvutils.tex
\XKV@toks=\toks48
\XKV@tempa@toks=\toks49
)
\XKV@depth=\count348
File: xkeyval.tex 2014/12/03 v2.7a key=value parser (HA)
))
(/usr/share/texlive/texmf-dist/tex/latex/fmtcount/fcprefix.sty
Package: fcprefix 2012/09/28

(/usr/share/texlive/texmf-dist/tex/latex/fmtcount/fcnumparser.sty
Package: fcnumparser 2017/06/15
\fc@digit@counter=\count349
))
\c@padzeroesN=\count350
\fc@tmpcatcode=\count351
\@DT@modctr=\count352
\@ordinalctr=\count353
\@orgargctr=\count354
\@strctr=\count355
\@tmpstrctr=\count356
\@DT@loopN=\count357
\@DT@X=\count358
)
(/usr/share/texlive/texmf-dist/tex/latex/datetime/datetime-defaults.sty
Package: datetime-defaults 2013/09/10
)
\@day=\count359
\@month=\count360
\@year=\count361
\c@HOUR=\count362
\c@HOURXII=\count363
\c@MINUTE=\count364
\c@TOHOUR=\count365
\c@TOMINUTE=\count366
\c@SECOND=\count367
\currenthour=\count368
\currentminute=\count369
\currentsecond=\count370
Package datetime Info: No datetime.cfg file found, using default settings on in
put line 308.
\@dtctr=\count371
\dayofyear=\count372
\dayofweek=\count373
LaTeX Info: Redefining \today on input line 736.
\dt@a=\toks50
\dt@b=\toks51
)
(/usr/share/texlive/texmf-dist/tex/latex/todonotes/todonotes.sty
Package: todonotes 2023/01/31 v1.1.6 Todonotes source and documentation.
Package: todonotes 2023/01/31

(/usr/share/texlive/texmf-dist/tex/generic/pgf/frontendlayer/tikz/libraries/tik
zlibrarypositioning.code.tex
File: tikzlibrarypositioning.code.tex 2023-01-15 v3.1.10 (3.1.10)
)
\c@@todonotes@numberoftodonotes=\count374
)
(/usr/share/texlive/texmf-dist/tex/latex/eurosym/eurosym.sty
Package: eurosym 1998/08/06 v1.1 European currency symbol ``Euro''
\@eurobox=\box87
)
(/usr/share/texlive/texmf-dist/tex/latex/base/fontenc.sty
Package: fontenc 2021/04/29 v2.0v Standard LaTeX package
)
(/usr/share/texlive/texmf-dist/tex/latex/newpx/newpxtext.sty
Package: newpxtext 2022/01/30 v1.504(Michael Sharpe) latex and unicode latex su
pport for TeXGyrePagellaX

`newpxtext' v1.504, 2022/01/30 Text macros taking advantage of TeXGyre Pagella 
and its extensions (msharpe)
(/usr/share/texlive/texmf-dist/tex/latex/base/fontenc.sty
Package: fontenc 2021/04/29 v2.0v Standard LaTeX package
)
(/usr/share/texlive/texmf-dist/tex/generic/iftex/ifxetex.sty
Package: ifxetex 2019/10/25 v0.7 ifxetex legacy package. Use iftex instead.
)
(/usr/share/texlive/texmf-dist/tex/generic/iftex/ifluatex.sty
Package: ifluatex 2019/10/25 v1.5 ifluatex legacy package. Use iftex instead.
)
(/usr/share/texlive/texmf-dist/tex/latex/base/textcomp.sty
Package: textcomp 2020/02/02 v2.0n Standard LaTeX package
)
(/usr/share/texlive/texmf-dist/tex/generic/xstring/xstring.sty
(/usr/share/texlive/texmf-dist/tex/generic/xstring/xstring.tex
\integerpart=\count375
\decimalpart=\count376
)
Package: xstring 2023/01/14 v1.85 String manipulations (CT)
)
(/usr/share/texlive/texmf-dist/tex/latex/carlisle/scalefnt.sty)
LaTeX Font Info:    Setting zplLF sub-encoding to TS1/0 on input line 24.
LaTeX Font Info:    Setting zplTLF sub-encoding to TS1/0 on input line 24.
LaTeX Font Info:    Setting zplOsF sub-encoding to TS1/0 on input line 24.
LaTeX Font Info:    Setting zplTOsF sub-encoding to TS1/0 on input line 24.
\zpl@cnt=\count377

(/usr/share/texlive/texmf-dist/tex/latex/fontaxes/fontaxes.sty
Package: fontaxes 2020/07/21 v1.0e Font selection axes
LaTeX Info: Redefining \upshape on input line 29.
LaTeX Info: Redefining \itshape on input line 31.
LaTeX Info: Redefining \slshape on input line 33.
LaTeX Info: Redefining \swshape on input line 35.
LaTeX Info: Redefining \scshape on input line 37.
LaTeX Info: Redefining \sscshape on input line 39.
LaTeX Info: Redefining \ulcshape on input line 41.
LaTeX Info: Redefining \textsw on input line 47.
LaTeX Info: Redefining \textssc on input line 48.
LaTeX Info: Redefining \textulc on input line 49.
)
LaTeX Info: Redefining \nustyle on input line 254.
LaTeX Info: Redefining \textsu on input line 492.
LaTeX Info: Redefining \oldstylenums on input line 581.
)
(/usr/share/texlive/texmf-dist/tex/latex/newpx/newpxmath.sty
Package: newpxmath 2021/12/04 v1.5

`newpxmath' v1.5, 2021/12/04 Math macros based on pxfonts (msharpe)
(/usr/share/texlive/texmf-dist/tex/generic/kastrup/binhex.tex)
(/usr/share/texlive/texmf-dist/tex/latex/oberdiek/centernot.sty
Package: centernot 2016/05/16 v1.4 Centers the not symbol horizontally (HO)
)
\px@tA=\toks52
\px@tB=\toks53
\px@su=\read3
\px@Isdigit=\count378
LaTeX Font Info:    Redeclaring symbol font `operators' on input line 211.
LaTeX Font Info:    Overwriting symbol font `operators' in version `normal'
(Font)                  OT1/cmr/m/n --> OT1/zplTLF/m/n on input line 211.
LaTeX Font Info:    Overwriting symbol font `operators' in version `bold'
(Font)                  OT1/cmr/bx/n --> OT1/zplTLF/m/n on input line 211.
LaTeX Font Info:    Overwriting symbol font `operators' in version `bold'
(Font)                  OT1/zplTLF/m/n --> OT1/zplTLF/b/n on input line 212.
LaTeX Font Info:    Redeclaring math alphabet \mathsf on input line 215.
LaTeX Font Info:    Overwriting math alphabet `\mathsf' in version `normal'
(Font)                  OT1/cmss/m/n --> T1/qhv/m/n on input line 215.
LaTeX Font Info:    Overwriting math alphabet `\mathsf' in version `bold'
(Font)                  OT1/cmss/bx/n --> T1/qhv/m/n on input line 215.
LaTeX Font Info:    Redeclaring math alphabet \mathit on input line 216.
LaTeX Font Info:    Overwriting math alphabet `\mathit' in version `normal'
(Font)                  OT1/cmr/m/it --> OT1/zplTLF/m/it on input line 216.
LaTeX Font Info:    Overwriting math alphabet `\mathit' in version `bold'
(Font)                  OT1/cmr/bx/it --> OT1/zplTLF/m/it on input line 216.
LaTeX Font Info:    Redeclaring math alphabet \mathtt on input line 217.
LaTeX Font Info:    Overwriting math alphabet `\mathtt' in version `normal'
(Font)                  OT1/cmtt/m/n --> T1/npxtt/m/n on input line 217.
LaTeX Font Info:    Overwriting math alphabet `\mathtt' in version `bold'
(Font)                  OT1/cmtt/m/n --> T1/npxtt/m/n on input line 217.
LaTeX Font Info:    Redeclaring math alphabet \mathbf on input line 219.
LaTeX Font Info:    Overwriting math alphabet `\mathbf' in version `normal'
(Font)                  OT1/cmr/bx/n --> OT1/zplTLF/b/n on input line 219.
LaTeX Font Info:    Overwriting math alphabet `\mathbf' in version `bold'
(Font)                  OT1/cmr/bx/n --> OT1/zplTLF/b/n on input line 219.
LaTeX Font Info:    Overwriting math alphabet `\mathit' in version `bold'
(Font)                  OT1/zplTLF/m/it --> OT1/zplTLF/b/it on input line 220.
LaTeX Font Info:    Overwriting math alphabet `\mathsf' in version `bold'
(Font)                  T1/qhv/m/n --> T1/qhv/b/n on input line 222.
LaTeX Font Info:    Overwriting math alphabet `\mathtt' in version `bold'
(Font)                  T1/npxtt/m/n --> T1/npxtt/b/n on input line 223.
LaTeX Font Info:    Redeclaring symbol font `letters' on input line 234.
LaTeX Font Info:    Overwriting symbol font `letters' in version `normal'
(Font)                  OML/cmm/m/it --> OML/npxmi/m/it on input line 234.
LaTeX Font Info:    Overwriting symbol font `letters' in version `bold'
(Font)                  OML/cmm/b/it --> OML/npxmi/m/it on input line 234.
LaTeX Font Info:    Overwriting symbol font `letters' in version `bold'
(Font)                  OML/npxmi/m/it --> OML/npxmi/b/it on input line 235.
\symlettersA=\mathgroup6
LaTeX Font Info:    Overwriting symbol font `lettersA' in version `bold'
(Font)                  U/npxmia/m/it --> U/npxmia/b/it on input line 253.
LaTeX Font Info:    Redeclaring math alphabet \mathfrak on input line 255.
Now handling font encoding LMS ...
... no UTF-8 mapping file for font encoding LMS
LaTeX Font Info:    Redeclaring symbol font `symbols' on input line 263.
LaTeX Font Info:    Encoding `OMS' has changed to `LMS' for symbol font
(Font)              `symbols' in the math version `normal' on input line 263.
LaTeX Font Info:    Overwriting symbol font `symbols' in version `normal'
(Font)                  OMS/cmsy/m/n --> LMS/npxsy/m/n on input line 263.
LaTeX Font Info:    Encoding `OMS' has changed to `LMS' for symbol font
(Font)              `symbols' in the math version `bold' on input line 263.
LaTeX Font Info:    Overwriting symbol font `symbols' in version `bold'
(Font)                  OMS/cmsy/b/n --> LMS/npxsy/m/n on input line 263.
LaTeX Font Info:    Overwriting symbol font `symbols' in version `bold'
(Font)                  LMS/npxsy/m/n --> LMS/npxsy/b/n on input line 264.
\symAMSm=\mathgroup7
LaTeX Font Info:    Overwriting symbol font `AMSm' in version `bold'
(Font)                  U/npxsym/m/n --> U/npxsym/b/n on input line 284.
\symsymbolsC=\mathgroup8
LaTeX Font Info:    Overwriting symbol font `symbolsC' in version `bold'
(Font)                  U/npxsyc/m/n --> U/npxsyc/b/n on input line 306.
Now handling font encoding LMX ...
... no UTF-8 mapping file for font encoding LMX
LaTeX Font Info:    Redeclaring symbol font `largesymbols' on input line 326.
LaTeX Font Info:    Encoding `OMX' has changed to `LMX' for symbol font
(Font)              `largesymbols' in the math version `normal' on input line 3
26.
LaTeX Font Info:    Overwriting symbol font `largesymbols' in version `normal'
(Font)                  OMX/cmex/m/n --> LMX/npxexx/m/n on input line 326.
LaTeX Font Info:    Encoding `OMX' has changed to `LMX' for symbol font
(Font)              `largesymbols' in the math version `bold' on input line 326
.
LaTeX Font Info:    Overwriting symbol font `largesymbols' in version `bold'
(Font)                  OMX/cmex/m/n --> LMX/npxexx/m/n on input line 326.
LaTeX Font Info:    Overwriting symbol font `largesymbols' in version `bold'
(Font)                  LMX/npxexx/m/n --> LMX/npxexx/b/n on input line 327.
\symlargesymbolsPXA=\mathgroup9
LaTeX Font Info:    Overwriting symbol font `largesymbolsPXA' in version `bold'

(Font)                  U/npxexa/m/n --> U/npxexa/b/n on input line 334.
\px@cntz=\count379
\px@IsAlNum=\count380
\px@sbptoks=\toks54
LaTeX Font Info:    Redeclaring math delimiter \lfloor on input line 489.
LaTeX Font Info:    Redeclaring math delimiter \rfloor on input line 490.
LaTeX Font Info:    Redeclaring math delimiter \lceil on input line 491.
LaTeX Font Info:    Redeclaring math delimiter \rceil on input line 492.
LaTeX Font Info:    Redeclaring math delimiter \lbrace on input line 493.
LaTeX Font Info:    Redeclaring math delimiter \rbrace on input line 494.
LaTeX Font Info:    Redeclaring math delimiter \langle on input line 495.
LaTeX Font Info:    Redeclaring math delimiter \rangle on input line 497.
LaTeX Font Info:    Redeclaring math delimiter \arrowvert on input line 501.
LaTeX Font Info:    Redeclaring math delimiter \vert on input line 502.
LaTeX Font Info:    Redeclaring math symbol \parallel on input line 503.
LaTeX Font Info:    Redeclaring math delimiter \Arrowvert on input line 504.
LaTeX Font Info:    Redeclaring math accent \grave on input line 544.
LaTeX Font Info:    Redeclaring math accent \acute on input line 545.
LaTeX Font Info:    Redeclaring math accent \hat on input line 546.
LaTeX Font Info:    Redeclaring math accent \tilde on input line 547.
LaTeX Font Info:    Redeclaring math accent \bar on input line 548.
LaTeX Font Info:    Redeclaring math accent \breve on input line 549.
LaTeX Font Info:    Redeclaring math accent \mathring on input line 550.
LaTeX Font Info:    Redeclaring math accent \check on input line 551.
LaTeX Font Info:    Redeclaring math accent \dot on input line 555.
LaTeX Font Info:    Redeclaring math accent \ddot on input line 556.
LaTeX Font Info:    Redeclaring math accent \vec on input line 1598.
LaTeX Info: Redefining \Bbbk on input line 2175.
LaTeX Info: Redefining \not on input line 2457.
)
(/usr/share/texlive/texmf-dist/tex/latex/listings/listings.sty
\lst@mode=\count381
\lst@gtempboxa=\box88
\lst@token=\toks55
\lst@length=\count382
\lst@currlwidth=\dimen328
\lst@column=\count383
\lst@pos=\count384
\lst@lostspace=\dimen329
\lst@width=\dimen330
\lst@newlines=\count385
\lst@lineno=\count386
\lst@maxwidth=\dimen331

(/usr/share/texlive/texmf-dist/tex/latex/listings/lstmisc.sty
File: lstmisc.sty 2023/02/27 1.9 (Carsten Heinz)
\c@lstnumber=\count387
\lst@skipnumbers=\count388
\lst@framebox=\box89
)
(/usr/share/texlive/texmf-dist/tex/latex/listings/listings.cfg
File: listings.cfg 2023/02/27 1.9 listings configuration
))
Package: listings 2023/02/27 1.9 (Carsten Heinz)
)
(/usr/share/texlive/texmf-dist/tex/latex/biblatex/biblatex.sty
Package: biblatex 2023/03/05 v3.19 programmable bibliographies (PK/MW)

(/usr/share/texlive/texmf-dist/tex/latex/logreq/logreq.sty
Package: logreq 2010/08/04 v1.0 xml request logger
\lrq@indent=\count389

(/usr/share/texlive/texmf-dist/tex/latex/logreq/logreq.def
File: logreq.def 2010/08/04 v1.0 logreq spec v1.0
))
\c@tabx@nest=\count390
\c@listtotal=\count391
\c@listcount=\count392
\c@liststart=\count393
\c@liststop=\count394
\c@citecount=\count395
\c@citetotal=\count396
\c@multicitecount=\count397
\c@multicitetotal=\count398
\c@instcount=\count399
\c@maxnames=\count400
\c@minnames=\count401
\c@maxitems=\count402
\c@minitems=\count403
\c@citecounter=\count404
\c@maxcitecounter=\count405
\c@savedcitecounter=\count406
\c@uniquelist=\count407
\c@uniquename=\count408
\c@refsection=\count409
\c@refsegment=\count410
\c@maxextratitle=\count411
\c@maxextratitleyear=\count412
\c@maxextraname=\count413
\c@maxextradate=\count414
\c@maxextraalpha=\count415
\c@abbrvpenalty=\count416
\c@highnamepenalty=\count417
\c@lownamepenalty=\count418
\c@maxparens=\count419
\c@parenlevel=\count420
\blx@tempcnta=\count421
\blx@tempcntb=\count422
\blx@tempcntc=\count423
\c@blx@maxsection=\count424
\blx@maxsegment@0=\count425
\blx@notetype=\count426
\blx@parenlevel@text=\count427
\blx@parenlevel@foot=\count428
\blx@sectionciteorder@0=\count429
\blx@sectionciteorderinternal@0=\count430
\blx@entrysetcounter=\count431
\blx@biblioinstance=\count432
\labelnumberwidth=\skip79
\labelalphawidth=\skip80
\biblabelsep=\skip81
\bibitemsep=\skip82
\bibnamesep=\skip83
\bibinitsep=\skip84
\bibparsep=\skip85
\bibhang=\skip86
\blx@bcfin=\read4
\blx@bcfout=\write4
\blx@langwohyphens=\language87
\c@mincomprange=\count433
\c@maxcomprange=\count434
\c@mincompwidth=\count435
Package biblatex Info: Trying to load biblatex default data model...
Package biblatex Info: ... file 'blx-dm.def' found.

(/usr/share/texlive/texmf-dist/tex/latex/biblatex/blx-dm.def
File: blx-dm.def 2023/03/05 v3.19 biblatex localization (PK/MW)
)
Package biblatex Info: Trying to load biblatex style data model...
Package biblatex Info: ... file 'ieee.dbx' not found.
Package biblatex Info: Trying to load biblatex custom data model...
Package biblatex Info: ... file 'biblatex-dm.cfg' not found.
\c@afterword=\count436
\c@savedafterword=\count437
\c@annotator=\count438
\c@savedannotator=\count439
\c@author=\count440
\c@savedauthor=\count441
\c@bookauthor=\count442
\c@savedbookauthor=\count443
\c@commentator=\count444
\c@savedcommentator=\count445
\c@editor=\count446
\c@savededitor=\count447
\c@editora=\count448
\c@savededitora=\count449
\c@editorb=\count450
\c@savededitorb=\count451
\c@editorc=\count452
\c@savededitorc=\count453
\c@foreword=\count454
\c@savedforeword=\count455
\c@holder=\count456
\c@savedholder=\count457
\c@introduction=\count458
\c@savedintroduction=\count459
\c@namea=\count460
\c@savednamea=\count461
\c@nameb=\count462
\c@savednameb=\count463
\c@namec=\count464
\c@savednamec=\count465
\c@translator=\count466
\c@savedtranslator=\count467
\c@shortauthor=\count468
\c@savedshortauthor=\count469
\c@shorteditor=\count470
\c@savedshorteditor=\count471
\c@labelname=\count472
\c@savedlabelname=\count473
\c@institution=\count474
\c@savedinstitution=\count475
\c@lista=\count476
\c@savedlista=\count477
\c@listb=\count478
\c@savedlistb=\count479
\c@listc=\count480
\c@savedlistc=\count481
\c@listd=\count482
\c@savedlistd=\count483
\c@liste=\count484
\c@savedliste=\count485
\c@listf=\count486
\c@savedlistf=\count487
\c@location=\count488
\c@savedlocation=\count489
\c@organization=\count490
\c@savedorganization=\count491
\c@origlocation=\count492
\c@savedoriglocation=\count493
\c@origpublisher=\count494
\c@savedorigpublisher=\count495
\c@publisher=\count496
\c@savedpublisher=\count497
\c@language=\count498
\c@savedlanguage=\count499
\c@origlanguage=\count500
\c@savedoriglanguage=\count501
\c@pageref=\count502
\c@savedpageref=\count503
\shorthandwidth=\skip87
\shortjournalwidth=\skip88
\shortserieswidth=\skip89
\shorttitlewidth=\skip90
\shortauthorwidth=\skip91
\shorteditorwidth=\skip92
\locallabelnumberwidth=\skip93
\locallabelalphawidth=\skip94
\localshorthandwidth=\skip95
\localshortjournalwidth=\skip96
\localshortserieswidth=\skip97
\localshorttitlewidth=\skip98
\localshortauthorwidth=\skip99
\localshorteditorwidth=\skip100
Package biblatex Info: Trying to load compatibility code...
Package biblatex Info: ... file 'blx-compat.def' found.

(/usr/share/texlive/texmf-dist/tex/latex/biblatex/blx-compat.def
File: blx-compat.def 2023/03/05 v3.19 biblatex compatibility (PK/MW)
)
Package biblatex Info: Trying to load BibTeX backend compatibility...
Package biblatex Info: ... file 'blx-bibtex.def' found.

(/usr/share/texlive/texmf-dist/tex/latex/biblatex/blx-bibtex.def
File: blx-bibtex.def 2023/03/05 v3.19 biblatex compatibility (PK/MW)


Package biblatex Warning: Using fall-back bibtex backend:
(biblatex)                functionality may be reduced/unavailable.

)
Package biblatex Info: Trying to load generic definitions...
Package biblatex Info: ... file 'biblatex.def' found.
 (/usr/share/texlive/texmf-dist/tex/latex/biblatex/biblatex.def
File: biblatex.def 2023/03/05 v3.19 biblatex compatibility (PK/MW)
\c@textcitecount=\count504
\c@textcitetotal=\count505
\c@textcitemaxnames=\count506
\c@biburlbigbreakpenalty=\count507
\c@biburlbreakpenalty=\count508
\c@biburlnumpenalty=\count509
\c@biburlucpenalty=\count510
\c@biburllcpenalty=\count511
\biburlbigskip=\muskip18
\biburlnumskip=\muskip19
\biburlucskip=\muskip20
\biburllcskip=\muskip21
\c@smartand=\count512
)
Package biblatex Info: Trying to load natbib compatibility...
Package biblatex Info: ... file 'blx-natbib.def' found.

(/usr/share/texlive/texmf-dist/tex/latex/biblatex/blx-natbib.def
File: blx-natbib.def 2023/03/05 v3.19 biblatex compatibility (PK/MW)
Package biblatex Info: Delimiter 'nameyeardelim' in context '' already defined,
 overwriting.
)
Package biblatex Info: Trying to load bibliography style 'ieee'...
Package biblatex Info: ... file 'ieee.bbx' found.

(/usr/share/texlive/texmf-dist/tex/latex/biblatex-ieee/ieee.bbx
File: ieee.bbx 2021/12/06 v1.3f biblatex bibliography style
Package biblatex Info: Trying to load bibliography style 'numeric-comp'...
Package biblatex Info: ... file 'numeric-comp.bbx' found.

(/usr/share/texlive/texmf-dist/tex/latex/biblatex/bbx/numeric-comp.bbx
File: numeric-comp.bbx 2023/03/05 v3.19 biblatex bibliography style (PK/MW)
Package biblatex Info: Trying to load bibliography style 'numeric'...
Package biblatex Info: ... file 'numeric.bbx' found.

(/usr/share/texlive/texmf-dist/tex/latex/biblatex/bbx/numeric.bbx
File: numeric.bbx 2023/03/05 v3.19 biblatex bibliography style (PK/MW)
Package biblatex Info: Trying to load bibliography style 'standard'...
Package biblatex Info: ... file 'standard.bbx' found.

(/usr/share/texlive/texmf-dist/tex/latex/biblatex/bbx/standard.bbx
File: standard.bbx 2023/03/05 v3.19 biblatex bibliography style (PK/MW)
\c@bbx:relatedcount=\count513
\c@bbx:relatedtotal=\count514
))))
Package biblatex Info: Trying to load citation style 'ieee'...
Package biblatex Info: ... file 'ieee.cbx' found.

(/usr/share/texlive/texmf-dist/tex/latex/biblatex-ieee/ieee.cbx
File: ieee.cbx 2021/12/06 v1.3f biblatex citation style
Package biblatex Info: Trying to load citation style 'numeric-comp'...
Package biblatex Info: ... file 'numeric-comp.cbx' found.

(/usr/share/texlive/texmf-dist/tex/latex/biblatex/cbx/numeric-comp.cbx
File: numeric-comp.cbx 2023/03/05 v3.19 biblatex citation style (PK/MW)
\c@cbx@tempcnta=\count515
\c@cbx@tempcntb=\count516
\c@cbx@tempcntc=\count517
\c@cbx@tempcntd=\count518
Package biblatex Info: Redefining '\cite'.
Package biblatex Info: Redefining '\parencite'.
Package biblatex Info: Redefining '\footcite'.
Package biblatex Info: Redefining '\footcitetext'.
Package biblatex Info: Redefining '\smartcite'.
Package biblatex Info: Redefining '\supercite'.
Package biblatex Info: Redefining '\textcite'.
Package biblatex Info: Redefining '\textcites'.
Package biblatex Info: Redefining '\cites'.
Package biblatex Info: Redefining '\parencites'.
Package biblatex Info: Redefining '\smartcites'.
)
Package biblatex Info: Redefining '\cite'.
Package biblatex Info: Redefining '\supercite'.
Package biblatex Info: Redefining '\cites'.
)
Package biblatex Info: Trying to load configuration file...
Package biblatex Info: ... file 'biblatex.cfg' found.

(/usr/share/texlive/texmf-dist/tex/latex/biblatex/biblatex.cfg
File: biblatex.cfg 
)
Package biblatex Info: Input encoding 'utf8' detected.
Package biblatex Info: Document encoding is UTF8 ....

(/usr/share/texlive/texmf-dist/tex/latex/l3kernel/expl3.sty
Package: expl3 2023-06-05 L3 programming layer (loader) 

(/usr/share/texlive/texmf-dist/tex/latex/l3backend/l3backend-pdftex.def
File: l3backend-pdftex.def 2023-04-19 L3 backend support: PDF output (pdfTeX)
\l__color_backend_stack_int=\count519
\l__pdf_internal_box=\box90
))
Package biblatex Info: ... and expl3
(biblatex)             2023-06-05 L3 programming layer (loader) 
(biblatex)             is new enough (at least 2020/04/06),
(biblatex)             setting 'casechanger=expl3'.

(/usr/share/texlive/texmf-dist/tex/latex/biblatex/blx-case-expl3.sty
(/usr/share/texlive/texmf-dist/tex/latex/l3packages/xparse/xparse.sty
Package: xparse 2023-02-02 L3 Experimental document command parser
)
Package: blx-case-expl3 2023/03/05 v3.19 expl3 case changing code for biblatex
))
(/usr/share/texlive/texmf-dist/tex/latex/parskip/parskip.sty
Package: parskip 2021-03-14 v2.0h non-zero parskip adjustments
)
\c@theorem=\count520
\c@definition=\count521
\c@remark=\count522
Package translations Info: No language package found. I am going to use `englis
h' as default language. on input line 22.
LaTeX Font Info:    Trying to load font information for T1+zplTLF on input line
 22.

(/usr/share/texlive/texmf-dist/tex/latex/newpx/t1zpltlf.fd
File: t1zpltlf.fd 2021/05/25 v1.0 font definition file for T1/zpl/TLF
)
LaTeX Font Info:    Font shape `T1/zplTLF/m/n' will be
(Font)              scaled to size 10.0pt on input line 22.
\@quotelevel=\count523
\@quotereset=\count524
 (./report.aux)
\openout1 = `report.aux'.

LaTeX Font Info:    Checking defaults for OML/npxmi/m/it on input line 22.
LaTeX Font Info:    Trying to load font information for OML+npxmi on input line
 22.

(/usr/share/texlive/texmf-dist/tex/latex/newpx/omlnpxmi.fd
File: omlnpxmi.fd 2013/03/21 Fontinst v1.933 font definitions for OML/npxmi.
)
LaTeX Font Info:    ... okay on input line 22.
LaTeX Font Info:    Checking defaults for OMS/cmsy/m/n on input line 22.
LaTeX Font Info:    ... okay on input line 22.
LaTeX Font Info:    Checking defaults for OT1/cmr/m/n on input line 22.
LaTeX Font Info:    ... okay on input line 22.
LaTeX Font Info:    Checking defaults for T1/cmr/m/n on input line 22.
LaTeX Font Info:    ... okay on input line 22.
LaTeX Font Info:    Checking defaults for TS1/cmr/m/n on input line 22.
LaTeX Font Info:    ... okay on input line 22.
LaTeX Font Info:    Checking defaults for OMX/cmex/m/n on input line 22.
LaTeX Font Info:    ... okay on input line 22.
LaTeX Font Info:    Checking defaults for U/npxexa/m/n on input line 22.
LaTeX Font Info:    Trying to load font information for U+npxexa on input line 
22.

(/usr/share/texlive/texmf-dist/tex/latex/newpx/unpxexa.fd
File: unpxexa.fd 2013/03/24 Fontinst v1.933 font definitions for U/npxexa.
)
LaTeX Font Info:    ... okay on input line 22.
LaTeX Font Info:    Checking defaults for PD1/pdf/m/n on input line 22.
LaTeX Font Info:    ... okay on input line 22.
LaTeX Font Info:    Checking defaults for PU/pdf/m/n on input line 22.
LaTeX Font Info:    ... okay on input line 22.
LaTeX Font Info:    Checking defaults for LMS/npxsy/m/n on input line 22.
LaTeX Font Info:    Trying to load font information for LMS+npxsy on input line
 22.

(/usr/share/texlive/texmf-dist/tex/latex/newpx/lmsnpxsy.fd
File: lmsnpxsy.fd 2016/07/04 Fontinst v1.933 font definitions for LMS/npxsy.
)
LaTeX Font Info:    ... okay on input line 22.
LaTeX Font Info:    Checking defaults for LMX/npxexx/m/n on input line 22.
LaTeX Font Info:    Trying to load font information for LMX+npxexx on input lin
e 22.

(/usr/share/texlive/texmf-dist/tex/latex/newpx/lmxnpxexx.fd
File: lmxnpxexx.fd 2016/07/04 Fontinst v1.933 font definitions for LMX/npxexx.
)
LaTeX Font Info:    ... okay on input line 22.
LaTeX Info: Command `\dddot' is already robust on input line 22.
LaTeX Info: Command `\ddddot' is already robust on input line 22.

(/usr/share/texlive/texmf-dist/tex/latex/translations/translations-basic-dictio
nary-english.trsl
File: translations-basic-dictionary-english.trsl (english translation file `tra
nslations-basic-dictionary')
)
Package translations Info: loading dictionary `translations-basic-dictionary' f
or `english'. on input line 22.

(/usr/share/texlive/texmf-dist/tex/context/base/mkii/supp-pdf.mkii
[Loading MPS to PDF converter (version 2006.09.02).]
\scratchcounter=\count525
\scratchdimen=\dimen332
\scratchbox=\box91
\nofMPsegments=\count526
\nofMParguments=\count527
\everyMPshowfont=\toks56
\MPscratchCnt=\count528
\MPscratchDim=\dimen333
\MPnumerator=\count529
\makeMPintoPDFobject=\count530
\everyMPtoPDFconversion=\toks57
) (/usr/share/texlive/texmf-dist/tex/latex/epstopdf-pkg/epstopdf-base.sty
Package: epstopdf-base 2020-01-24 v2.11 Base part for package epstopdf
Package epstopdf-base Info: Redefining graphics rule for `.eps' on input line 4
85.

(/usr/share/texlive/texmf-dist/tex/latex/latexconfig/epstopdf-sys.cfg
File: epstopdf-sys.cfg 2010/07/13 v1.3 Configuration of (r)epstopdf for TeX Liv
e
))
Package caption Info: Begin \AtBeginDocument code.
Package caption Info: hyperref package is loaded.
Package caption Info: listings package is loaded.
Package caption Info: End \AtBeginDocument code.

(/usr/share/texlive/texmf-dist/tex/latex/pdflscape/pdflscape.sty
Package: pdflscape 2022-10-27 v0.13 Display of landscape pages in PDF

(/usr/share/texlive/texmf-dist/tex/latex/pdflscape/pdflscape-nometadata.sty
Package: pdflscape-nometadata 2022-10-28 v0.13 Display of landscape pages in PD
F (HO)

(/usr/share/texlive/texmf-dist/tex/latex/graphics/lscape.sty
Package: lscape 2020/05/28 v3.02 Landscape Pages (DPC)
)
Package pdflscape Info: Auto-detected driver: pdftex on input line 81.
))
Package hyperref Info: Link coloring OFF on input line 22.
 (./report.out)
(./report.out)
\@outlinefile=\write5
\openout5 = `report.out'.

LaTeX Info: Redefining \microtypecontext on input line 22.
Package microtype Info: Applying patch `item' on input line 22.
Package microtype Info: Applying patch `toc' on input line 22.
Package microtype Info: Applying patch `eqnum' on input line 22.
Package microtype Info: Applying patch `footnote' on input line 22.
Package microtype Info: Applying patch `verbatim' on input line 22.
Package microtype Info: Generating PDF output.
Package microtype Info: Character protrusion enabled (level 2).
Package microtype Info: Using default protrusion set `alltext'.
Package microtype Info: Automatic font expansion enabled (level 2),
(microtype)             stretch: 20, shrink: 20, step: 1, non-selected.
Package microtype Info: Using default expansion set `alltext-nott'.
LaTeX Info: Redefining \showhyphens on input line 22.
Package microtype Info: No adjustment of tracking.
Package microtype Info: No adjustment of interword spacing.
Package microtype Info: No adjustment of character kerning.
Package microtype Info: Loading generic protrusion settings for font family
(microtype)             `zplTLF' (encoding: T1).
(microtype)             For optimal results, create family-specific settings.
(microtype)             See the microtype manual for details.

*geometry* driver: auto-detecting
*geometry* detected driver: pdftex
*geometry* verbose mode - [ preamble ] result:
* driver: pdftex
* paper: a4paper
* layout: <same size as paper>
* layoutoffset:(h,v)=(0.0pt,0.0pt)
* modes: 
* h-part:(L,W,R)=(74.68848pt, 448.1309pt, 74.68849pt)
* v-part:(T,H,B)=(67.60269pt, 676.04005pt, 101.4041pt)
* \paperwidth=597.50787pt
* \paperheight=845.04684pt
* \textwidth=448.1309pt
* \textheight=676.04005pt
* \oddsidemargin=2.41849pt
* \evensidemargin=2.41849pt
* \topmargin=-34.73479pt
* \headheight=12.0pt
* \headsep=18.06749pt
* \topskip=10.0pt
* \footskip=25.29494pt
* \marginparwidth=69.0pt
* \marginparsep=7.0pt
* \columnsep=10.0pt
* \skip\footins=9.0pt plus 4.0pt minus 2.0pt
* \hoffset=0.0pt
* \voffset=0.0pt
* \mag=1000
* \@twocolumnfalse
* \@twosidefalse
* \@mparswitchfalse
* \@reversemarginfalse
* (1in=72.27pt=25.4mm, 1cm=28.453pt)

(/usr/share/texlive/texmf-dist/tex/latex/fmtcount/fc-english.def
File: fc-english.def 2016/01/12
)
\c@mv@tabular=\count531
\c@mv@boldtabular=\count532
\c@lstlisting=\count533
Package biblatex Info: Trying to load language 'english'...
Package biblatex Info: ... file 'english.lbx' found.

(/usr/share/texlive/texmf-dist/tex/latex/biblatex/lbx/english.lbx
File: english.lbx 2023/03/05 v3.19 biblatex localization (PK/MW)
)
Package biblatex Info: Input encoding 'utf8' detected.
Package biblatex Info: Automatic encoding selection.
(biblatex)             Assuming data encoding 'utf8'.
Package biblatex Info: Input encoding 'utf8' detected.
Package biblatex Info: Data encoding 'utf8' specified.
(biblatex)             No need to reencode data.
\openout4 = `report-blx.bib'.

Package biblatex Info: Trying to load bibliographic data...
Package biblatex Info: ... file 'report.bbl' found.

(./report.bbl)
Package biblatex Info: Reference section=0 on input line 22.
Package biblatex Info: Reference segment=0 on input line 22.
<figures/cover.jpg, id=296, 685.56125pt x 1027.84pt>
File: figures/cover.jpg Graphic file (type jpg)
<use figures/cover.jpg>
Package pdftex.def Info: figures/cover.jpg  used on input line 36.
(pdftex.def)             Requested size: 597.50787pt x 895.89174pt.
LaTeX Font Info:    Trying to load font information for T1+RobotoSlab-TLF on in
put line 36.

(/usr/share/texlive/texmf-dist/tex/latex/roboto/T1RobotoSlab-TLF.fd
File: T1RobotoSlab-TLF.fd 2019/12/11 (autoinst) Font definitions for T1/RobotoS
lab-TLF.
)
Package microtype Info: Loading generic protrusion settings for font family
(microtype)             `RobotoSlab-TLF' (encoding: T1).
(microtype)             For optimal results, create family-specific settings.
(microtype)             See the microtype manual for details.
<figures/logo-white.pdf, id=297, 114.08723pt x 45.99081pt>
File: figures/logo-white.pdf Graphic file (type pdf)
<use figures/logo-white.pdf>
Package pdftex.def Info: figures/logo-white.pdf  used on input line 36.
(pdftex.def)             Requested size: 156.84854pt x 63.23299pt.
LaTeX Font Info:    Trying to load font information for OT1+zplTLF on input lin
e 36.

(/usr/share/texlive/texmf-dist/tex/latex/newpx/ot1zpltlf.fd
File: ot1zpltlf.fd 2021/05/25 v1.0 font definition file for OT1/zpl/TLF
)
LaTeX Font Info:    Font shape `OT1/zplTLF/m/n' will be
(Font)              scaled to size 10.0pt on input line 36.
Package microtype Info: Loading generic protrusion settings for font family
(microtype)             `zplTLF' (encoding: OT1).
(microtype)             For optimal results, create family-specific settings.
(microtype)             See the microtype manual for details.
LaTeX Font Info:    Font shape `OT1/zplTLF/m/n' will be
(Font)              scaled to size 7.3pt on input line 36.
LaTeX Font Info:    Font shape `OT1/zplTLF/m/n' will be
(Font)              scaled to size 5.5pt on input line 36.
LaTeX Font Info:    Trying to load font information for U+msa on input line 36.


(/usr/share/texlive/texmf-dist/tex/latex/amsfonts/umsa.fd
File: umsa.fd 2013/01/14 v3.01 AMS symbols A
)
(/usr/share/texlive/texmf-dist/tex/latex/microtype/mt-msa.cfg
File: mt-msa.cfg 2006/02/04 v1.1 microtype config. file: AMS symbols (a) (RS)
)
LaTeX Font Info:    Trying to load font information for U+msb on input line 36.


(/usr/share/texlive/texmf-dist/tex/latex/amsfonts/umsb.fd
File: umsb.fd 2013/01/14 v3.01 AMS symbols B
)
(/usr/share/texlive/texmf-dist/tex/latex/microtype/mt-msb.cfg
File: mt-msb.cfg 2005/06/01 v1.0 microtype config. file: AMS symbols (b) (RS)
)
LaTeX Font Info:    Trying to load font information for U+npxmia on input line 
36.

(/usr/share/texlive/texmf-dist/tex/latex/newpx/unpxmia.fd
File: unpxmia.fd 2013/03/24 Fontinst v1.933 font definitions for U/npxmia.
)
LaTeX Font Info:    Trying to load font information for U+npxsym on input line 
36.

(/usr/share/texlive/texmf-dist/tex/latex/newpx/unpxsym.fd
File: unpxsym.fd 2015/03/21 Fontinst v1.933 font definitions for U/npxsym.
)
LaTeX Font Info:    Trying to load font information for U+npxsyc on input line 
36.

(/usr/share/texlive/texmf-dist/tex/latex/newpx/unpxsyc.fd
File: unpxsyc.fd 2013/03/24 Fontinst v1.933 font definitions for U/npxsyc.
) [1


{/var/lib/texmf/fonts/map/pdftex/updmap/pdftex.map}{/usr/share/texlive/texmf-di
st/fonts/enc/dvips/roboto/rbto_j2bk2t.enc} <./figures/cover.jpg> <./figures/log
o-white.pdf>]
(./frontmatter/title-report.tex
<figures/logo-black.pdf, id=310, 114.08723pt x 45.99081pt>
File: figures/logo-black.pdf Graphic file (type pdf)
<use figures/logo-black.pdf>
Package pdftex.def Info: figures/logo-black.pdf  used on input line 62.
(pdftex.def)             Requested size: 114.08694pt x 45.99069pt.

pdfTeX warning (ext4): destination with the same identifier (name{page.i}) has 
been already used, duplicate ignored
<to be read again> 
                   \relax 
l.66 \end{titlepage}
                     [1

{/usr/share/texlive/texmf-dist/fonts/enc/dvips/newtx/ntx-ec-tlf.enc} <./figures
/logo-black.pdf>]) (./frontmatter/preface.tex
LaTeX Font Info:    Font shape `T1/zplTLF/m/n' will be
(Font)              scaled to size 24.88pt on input line 1.
LaTeX Font Info:    Font shape `T1/zplTLF/m/it' will be
(Font)              scaled to size 10.0pt on input line 4.
)
(./frontmatter/abstract.tex
pdfTeX warning (ext4): destination with the same identifier (name{page.i}) has 
been already used, duplicate ignored
<to be read again> 
                   \relax 
l.1 \chapter
            *{Abstract} [1

]) [2

] (./report.toc
LaTeX Font Info:    Font shape `T1/zplTLF/b/n' will be
(Font)              scaled to size 10.0pt on input line 1.
 [3

])
\tf@toc=\write6
\openout6 = `report.toc'.


(./frontmatter/nomenclature.tex [4]
LaTeX Font Info:    Font shape `T1/zplTLF/m/n' will be
(Font)              scaled to size 14.4pt on input line 6.
LaTeX Font Info:    Font shape `T1/RobotoSlab-TLF/b/n' aliased to
(Font)              `T1/RobotoSlab-TLF/bold/n' on input line 6.
) [5

{/usr/share/texlive/texmf-dist/fonts/enc/dvips/newtx/ntx-ot1-tlf.enc}] (./mainm
atter/introduction.tex
Chapter 1.
LaTeX Font Info:    Font shape `T1/zplTLF/m/n' will be
(Font)              scaled to size 96.0pt on input line 1.

Underfull \hbox (badness 10000) in paragraph at lines 4--5

 []


Underfull \hbox (badness 10000) in paragraph at lines 6--7

 []

[1


] [2]
LaTeX Font Info:    Trying to load font information for TS1+zplTLF on input lin
e 27.
 (/usr/share/texlive/texmf-dist/tex/latex/newpx/ts1zpltlf.fd
File: ts1zpltlf.fd 2021/11/24 v1.0 fd file for TS1/zplTLF
)
LaTeX Font Info:    Font shape `TS1/zplTLF/m/n' will be
(Font)              scaled to size 10.0pt on input line 27.
Package microtype Info: Loading generic protrusion settings for font family
(microtype)             `zplTLF' (encoding: TS1).
(microtype)             For optimal results, create family-specific settings.
(microtype)             See the microtype manual for details.
 [3{/usr/share/texlive/texmf-dist/fonts/enc/dvips/newpx/zpl_TOsF.enc}])
(./mainmatter/chapter-2.tex [4]
Chapter 2.
[5

]
LaTeX Font Info:    Font shape `T1/zplTLF/m/n' will be
(Font)              scaled to size 12.0pt on input line 20.
LaTeX Font Info:    Font shape `T1/RobotoSlab-TLF/b/n' aliased to
(Font)              `T1/RobotoSlab-TLF/bold/n' on input line 20.
<figures/van_henten_model.png, id=545, 633.86812pt x 331.2375pt>
File: figures/van_henten_model.png Graphic file (type png)
<use figures/van_henten_model.png>
Package pdftex.def Info: figures/van_henten_model.png  used on input line 23.
(pdftex.def)             Requested size: 336.09818pt x 175.6359pt.
LaTeX Font Info:    Font shape `T1/zplTLF/m/n' will be
(Font)              scaled to size 8.0pt on input line 24.
LaTeX Font Info:    Font shape `T1/zplTLF/b/n' will be
(Font)              scaled to size 8.0pt on input line 24.
 [6 <./figures/van_henten_model.png>] [7]
LaTeX Font Info:    Font shape `T1/zplTLF/m/n' will be
(Font)              scaled to size 7.3pt on input line 170.
LaTeX Font Info:    Font shape `T1/zplTLF/m/n' will be
(Font)              scaled to size 5.5pt on input line 170.
 [8]
Overfull \hbox (67.45189pt too wide) in paragraph at lines 187--240
 [] 
 []

[9] [10] [11]
Underfull \hbox (badness 10000) in paragraph at lines 408--409

 []

[12]
Underfull \hbox (badness 10000) in paragraph at lines 413--414

 []

<figures/agent-environment.png, id=668, 500.46976pt x 178.86826pt>
File: figures/agent-environment.png Graphic file (type png)
<use figures/agent-environment.png>
Package pdftex.def Info: figures/agent-environment.png  used on input line 422.

(pdftex.def)             Requested size: 336.09818pt x 120.12767pt.
[13 <./figures/agent-environment.png>]

LaTeX Warning: Reference `infinity_return' on page 14 undefined on input line 4
54.


LaTeX Warning: Reference `infinity_return' on page 14 undefined on input line 4
72.

[14] [15] [16] [17]

Package amsfonts Warning: Obsolete command \bold; \mathbf should be used instea
d on input line 667.

LaTeX Font Info:    Font shape `OT1/zplTLF/b/n' will be
(Font)              scaled to size 10.0pt on input line 667.
LaTeX Font Info:    Font shape `OT1/zplTLF/b/n' will be
(Font)              scaled to size 7.3pt on input line 667.
LaTeX Font Info:    Font shape `OT1/zplTLF/b/n' will be
(Font)              scaled to size 5.5pt on input line 667.
[18] [19]) (./mainmatter/chapter-3.tex [20]
Chapter 3.
[21

] [22]
<figures/weather_data.pdf, id=852, 1084.05pt x 361.35pt>
File: figures/weather_data.pdf Graphic file (type pdf)
<use figures/weather_data.pdf>
Package pdftex.def Info: figures/weather_data.pdf  used on input line 133.
(pdftex.def)             Requested size: 448.1309pt x 149.37851pt.
 [23 <./figures/weather_data.pdf>] [24]
<figures/gamma_reward.pdf, id=920, 722.7pt x 289.08pt>
File: figures/gamma_reward.pdf Graphic file (type pdf)
<use figures/gamma_reward.pdf>
Package pdftex.def Info: figures/gamma_reward.pdf  used on input line 184.
(pdftex.def)             Requested size: 448.1309pt x 179.2542pt.
LaTeX Font Info:    Font shape `OT1/zplTLF/m/n' will be
(Font)              scaled to size 8.0pt on input line 185.
LaTeX Font Info:    Font shape `OT1/zplTLF/m/n' will be
(Font)              scaled to size 6.2pt on input line 185.
LaTeX Font Info:    Font shape `OT1/zplTLF/b/n' will be
(Font)              scaled to size 8.0pt on input line 185.
LaTeX Font Info:    Font shape `OT1/zplTLF/b/n' will be
(Font)              scaled to size 6.2pt on input line 185.

Underfull \hbox (badness 10000) in paragraph at lines 190--191

 []

[25 <./figures/gamma_reward.pdf>]
Underfull \hbox (badness 10000) in paragraph at lines 193--194

 []

<figures/vf_vs_gamma.pdf, id=978, 722.7pt x 578.16pt>
File: figures/vf_vs_gamma.pdf Graphic file (type pdf)
<use figures/vf_vs_gamma.pdf>
Package pdftex.def Info: figures/vf_vs_gamma.pdf  used on input line 210.
(pdftex.def)             Requested size: 448.1309pt x 358.50842pt.
[26] [27 <./figures/vf_vs_gamma.pdf>]
<figures/selected_policies_outputs.pdf, id=1051, 1084.05pt x 361.35pt>
File: figures/selected_policies_outputs.pdf Graphic file (type pdf)
<use figures/selected_policies_outputs.pdf>
Package pdftex.def Info: figures/selected_policies_outputs.pdf  used on input l
ine 267.
(pdftex.def)             Requested size: 448.1309pt x 149.37851pt.
 [28]
<figures/selected_policies_inputs.pdf, id=1059, 722.7pt x 361.35pt>
File: figures/selected_policies_inputs.pdf Graphic file (type pdf)
<use figures/selected_policies_inputs.pdf>
Package pdftex.def Info: figures/selected_policies_inputs.pdf  used on input li
ne 274.
(pdftex.def)             Requested size: 448.1309pt x 224.06776pt.
 [29 <./figures/selected_policies_outputs.pdf> <./figures/selected_policies_inp
uts.pdf>]
<figures/stochastic_rl_policies.pdf, id=1175, 722.7pt x 216.81pt>
File: figures/stochastic_rl_policies.pdf Graphic file (type pdf)
<use figures/stochastic_rl_policies.pdf>
Package pdftex.def Info: figures/stochastic_rl_policies.pdf  used on input line
 309.
(pdftex.def)             Requested size: 448.1309pt x 134.44064pt.
 [30 <./figures/stochastic_rl_policies.pdf>]
LaTeX Font Info:    Trying to load font information for T1+zplsups on input lin
e 325.
 (/usr/share/texlive/texmf-dist/tex/latex/newpx/t1zplsups.fd
File: t1zplsups.fd 2015/01/17 v1.0
)
LaTeX Font Info:    Font shape `T1/zplsups/m/n' will be
(Font)              scaled to size 10.0pt on input line 325.
Package microtype Info: Loading generic protrusion settings for font family
(microtype)             `zplsups' (encoding: T1).
(microtype)             For optimal results, create family-specific settings.
(microtype)             See the microtype manual for details.
LaTeX Font Info:    Font shape `T1/zplsups/m/n' will be
(Font)              scaled to size 8.0pt on input line 325.

[31{/usr/share/texlive/texmf-dist/fonts/enc/dvips/newpx/npxsups_T1.enc}]
<figures/sampled_y_td.png, id=1271, 722.7pt x 361.35pt>
File: figures/sampled_y_td.png Graphic file (type png)
<use figures/sampled_y_td.png>
Package pdftex.def Info: figures/sampled_y_td.png  used on input line 372.
(pdftex.def)             Requested size: 448.1309pt x 224.06776pt.
<figures/sampled_u_td.png, id=1272, 722.7pt x 361.35pt>
File: figures/sampled_u_td.png Graphic file (type png)
<use figures/sampled_u_td.png>
Package pdftex.def Info: figures/sampled_u_td.png  used on input line 378.
(pdftex.def)             Requested size: 448.1309pt x 224.06776pt.

[32] [33 <./figures/sampled_y_td.png> <./figures/sampled_u_td.png>] [34]
Underfull \hbox (badness 10000) in paragraph at lines 443--444

 []

<figures/sampled_states_TR-eps-converted-to.png, id=1422, 1084.05pt x 361.35pt>

File: figures/sampled_states_TR-eps-converted-to.png Graphic file (type png)
<use figures/sampled_states_TR-eps-converted-to.png>
Package pdftex.def Info: figures/sampled_states_TR-eps-converted-to.png  used o
n input line 475.
(pdftex.def)             Requested size: 448.1309pt x 149.37851pt.
[35]
<figures/sampled_inputs_TR-eps-converted-to.png, id=1430, 1084.05pt x 361.35pt>

File: figures/sampled_inputs_TR-eps-converted-to.png Graphic file (type png)
<use figures/sampled_inputs_TR-eps-converted-to.png>
Package pdftex.def Info: figures/sampled_inputs_TR-eps-converted-to.png  used o
n input line 483.
(pdftex.def)             Requested size: 448.1309pt x 149.37851pt.
<figures/tr_training_graphs.pdf, id=1435, 722.7pt x 361.35pt>
File: figures/tr_training_graphs.pdf Graphic file (type pdf)
<use figures/tr_training_graphs.pdf>
Package pdftex.def Info: figures/tr_training_graphs.pdf  used on input line 495
.
(pdftex.def)             Requested size: 448.1309pt x 224.06776pt.
 [36 <./figures/sampled_states_TR-eps-converted-to.png> <./figures/sampled_inpu
ts_TR-eps-converted-to.png>]
<figures/vf_heatmap_deterministic.png, id=1446, 867.24pt x 722.7pt>
File: figures/vf_heatmap_deterministic.png Graphic file (type png)
<use figures/vf_heatmap_deterministic.png>
Package pdftex.def Info: figures/vf_heatmap_deterministic.png  used on input li
ne 505.
(pdftex.def)             Requested size: 358.50609pt x 298.75702pt.
 [37 <./figures/tr_training_graphs.pdf>]
<figures/vf_time_predictions_long.pdf, id=1492, 722.7pt x 361.35pt>
File: figures/vf_time_predictions_long.pdf Graphic file (type pdf)
<use figures/vf_time_predictions_long.pdf>
Package pdftex.def Info: figures/vf_time_predictions_long.pdf  used on input li
ne 517.
(pdftex.def)             Requested size: 448.1309pt x 224.06776pt.

[38 <./figures/vf_heatmap_deterministic.png>]
<figures/vf_time_predictions_short.pdf, id=1507, 722.7pt x 361.35pt>
File: figures/vf_time_predictions_short.pdf Graphic file (type pdf)
<use figures/vf_time_predictions_short.pdf>
Package pdftex.def Info: figures/vf_time_predictions_short.pdf  used on input l
ine 528.
(pdftex.def)             Requested size: 448.1309pt x 224.06776pt.
 [39 <./figures/vf_time_predictions_long.pdf> <./figures/vf_time_predictions_sh
ort.pdf>]
<figures/vf_heatmap_stochastic-eps-converted-to.png, id=1611, 578.16pt x 578.16
pt>
File: figures/vf_heatmap_stochastic-eps-converted-to.png Graphic file (type png
)
<use figures/vf_heatmap_stochastic-eps-converted-to.png>
Package pdftex.def Info: figures/vf_heatmap_stochastic-eps-converted-to.png  us
ed on input line 546.
(pdftex.def)             Requested size: 448.1309pt x 448.13112pt.
)
(./mainmatter/chapter-4.tex [40 <./figures/vf_heatmap_stochastic-eps-converted-
to.png>] [41]
Chapter 4.
[42

]

LaTeX Warning: Citation 'Andersson2018' on page 43 undefined on input line 45.

<figures/mpc_nominal.pdf, id=1654, 722.7pt x 289.08pt>
File: figures/mpc_nominal.pdf Graphic file (type pdf)
<use figures/mpc_nominal.pdf>
Package pdftex.def Info: figures/mpc_nominal.pdf  used on input line 52.
(pdftex.def)             Requested size: 448.1309pt x 179.2542pt.
[43]
<figures/mpc_outputs_time_series.pdf, id=1668, 1084.05pt x 361.35pt>
File: figures/mpc_outputs_time_series.pdf Graphic file (type pdf)
<use figures/mpc_outputs_time_series.pdf>
Package pdftex.def Info: figures/mpc_outputs_time_series.pdf  used on input lin
e 62.
(pdftex.def)             Requested size: 448.1309pt x 149.37851pt.
<figures/mpc_inputs_times_series.pdf, id=1669, 722.7pt x 361.35pt>
File: figures/mpc_inputs_times_series.pdf Graphic file (type pdf)
<use figures/mpc_inputs_times_series.pdf>
Package pdftex.def Info: figures/mpc_inputs_times_series.pdf  used on input lin
e 69.
(pdftex.def)             Requested size: 448.1309pt x 224.06776pt.
 [44 <./figures/mpc_nominal.pdf> <./figures/mpc_outputs_time_series.pdf>]
<figures/stochastic_mpc_rewards_time.pdf, id=1781, 722.7pt x 578.16pt>
File: figures/stochastic_mpc_rewards_time.pdf Graphic file (type pdf)
<use figures/stochastic_mpc_rewards_time.pdf>
Package pdftex.def Info: figures/stochastic_mpc_rewards_time.pdf  used on input
 line 82.
(pdftex.def)             Requested size: 358.50609pt x 286.8032pt.

[45 <./figures/mpc_inputs_times_series.pdf>]
<figures/stochastic_mpc_perf.pdf, id=1836, 722.7pt x 289.08pt>
File: figures/stochastic_mpc_perf.pdf Graphic file (type pdf)
<use figures/stochastic_mpc_perf.pdf>
Package pdftex.def Info: figures/stochastic_mpc_perf.pdf  used on input line 91
.
(pdftex.def)             Requested size: 448.1309pt x 179.2542pt.
 [46 <./figures/stochastic_mpc_rewards_time.pdf> <./figures/stochastic_mpc_perf
.pdf>]) (./mainmatter/chapter-5.tex [47]
Chapter 5.

LaTeX Warning: Citation '' on page 48 undefined on input line 14.

[48

] [49] [50]
<figures/mpc_vs_rl_nominal.pdf, id=2017, 722.7pt x 289.08pt>
File: figures/mpc_vs_rl_nominal.pdf Graphic file (type pdf)
<use figures/mpc_vs_rl_nominal.pdf>
Package pdftex.def Info: figures/mpc_vs_rl_nominal.pdf  used on input line 142.

(pdftex.def)             Requested size: 448.1309pt x 179.2542pt.
 [51]
<figures/rl_mpc_impl_1.pdf, id=2040, 722.7pt x 289.08pt>
File: figures/rl_mpc_impl_1.pdf Graphic file (type pdf)
<use figures/rl_mpc_impl_1.pdf>
Package pdftex.def Info: figures/rl_mpc_impl_1.pdf  used on input line 154.
(pdftex.def)             Requested size: 448.1309pt x 179.2542pt.
 [52 <./figures/mpc_vs_rl_nominal.pdf> <./figures/rl_mpc_impl_1.pdf>]
<figures/rl_mpc_impl_2.pdf, id=2174, 722.7pt x 289.08pt>
File: figures/rl_mpc_impl_2.pdf Graphic file (type pdf)
<use figures/rl_mpc_impl_2.pdf>
Package pdftex.def Info: figures/rl_mpc_impl_2.pdf  used on input line 165.
(pdftex.def)             Requested size: 448.1309pt x 179.2542pt.

Underfull \hbox (badness 10000) in paragraph at lines 170--173

 []

[53 <./figures/rl_mpc_impl_2.pdf>]
<figures/rl_mpc_impl_3.pdf, id=2257, 722.7pt x 289.08pt>
File: figures/rl_mpc_impl_3.pdf Graphic file (type pdf)
<use figures/rl_mpc_impl_3.pdf>
Package pdftex.def Info: figures/rl_mpc_impl_3.pdf  used on input line 182.
(pdftex.def)             Requested size: 448.1309pt x 179.2542pt.

Underfull \hbox (badness 10000) in paragraph at lines 187--188

 []

[54 <./figures/rl_mpc_impl_3.pdf>]
<figures/rl_mpc_impl_4.pdf, id=2339, 722.7pt x 289.08pt>
File: figures/rl_mpc_impl_4.pdf Graphic file (type pdf)
<use figures/rl_mpc_impl_4.pdf>
Package pdftex.def Info: figures/rl_mpc_impl_4.pdf  used on input line 199.
(pdftex.def)             Requested size: 448.1309pt x 179.2542pt.
<figures/rl_mpc_impl_4_1.pdf, id=2345, 722.7pt x 289.08pt>
File: figures/rl_mpc_impl_4_1.pdf Graphic file (type pdf)
<use figures/rl_mpc_impl_4_1.pdf>
Package pdftex.def Info: figures/rl_mpc_impl_4_1.pdf  used on input line 209.
(pdftex.def)             Requested size: 448.1309pt x 179.2542pt.
 [55 <./figures/rl_mpc_impl_4.pdf>]
Underfull \hbox (badness 10000) in paragraph at lines 216--217

 []

[56 <./figures/rl_mpc_impl_4_1.pdf>]
<figures/rl_mpc_impl_5_6.pdf, id=2508, 722.7pt x 289.08pt>
File: figures/rl_mpc_impl_5_6.pdf Graphic file (type pdf)
<use figures/rl_mpc_impl_5_6.pdf>
Package pdftex.def Info: figures/rl_mpc_impl_5_6.pdf  used on input line 242.
(pdftex.def)             Requested size: 448.1309pt x 179.2542pt.
<figures/rl_mpc_impl_final.pdf, id=2511, 722.7pt x 289.08pt>
File: figures/rl_mpc_impl_final.pdf Graphic file (type pdf)
<use figures/rl_mpc_impl_final.pdf>
Package pdftex.def Info: figures/rl_mpc_impl_final.pdf  used on input line 253.

(pdftex.def)             Requested size: 448.1309pt x 179.2542pt.
 [57 <./figures/rl_mpc_impl_5_6.pdf> <./figures/rl_mpc_impl_final.pdf>]) (./mai
nmatter/chapter-6.tex [58]
Chapter 6.
<figures/stochastic_rl_vs_mpc.pdf, id=2668, 722.7pt x 433.62pt>
File: figures/stochastic_rl_vs_mpc.pdf Graphic file (type pdf)
<use figures/stochastic_rl_vs_mpc.pdf>
Package pdftex.def Info: figures/stochastic_rl_vs_mpc.pdf  used on input line 1
2.
(pdftex.def)             Requested size: 448.1309pt x 268.88132pt.
[59

]
<figures/stochastic_rl_vs_mpc_impl3.pdf, id=2677, 722.7pt x 433.62pt>
File: figures/stochastic_rl_vs_mpc_impl3.pdf Graphic file (type pdf)
<use figures/stochastic_rl_vs_mpc_impl3.pdf>
Package pdftex.def Info: figures/stochastic_rl_vs_mpc_impl3.pdf  used on input 
line 29.
(pdftex.def)             Requested size: 448.1309pt x 268.88132pt.
 [60 <./figures/stochastic_rl_vs_mpc.pdf>] [61 <./figures/stochastic_rl_vs_mpc_
impl3.pdf>]
<figures/stochastic_realife.pdf, id=2833, 722.7pt x 289.08pt>
File: figures/stochastic_realife.pdf Graphic file (type pdf)
<use figures/stochastic_realife.pdf>
Package pdftex.def Info: figures/stochastic_realife.pdf  used on input line 43.

(pdftex.def)             Requested size: 448.1309pt x 179.2542pt.
 [62 <./figures/stochastic_realife.pdf>])
(./mainmatter/chapter-7.tex [63]
Chapter 7.
<figures/speed_up_neurons.pdf, id=2907, 722.7pt x 289.08pt>
File: figures/speed_up_neurons.pdf Graphic file (type pdf)
<use figures/speed_up_neurons.pdf>
Package pdftex.def Info: figures/speed_up_neurons.pdf  used on input line 12.
(pdftex.def)             Requested size: 448.1309pt x 179.2542pt.
[64

]
<figures/speed_up_neurons_bar_graph.png, id=2913, 906.55489pt x 855.6768pt>
File: figures/speed_up_neurons_bar_graph.png Graphic file (type png)
<use figures/speed_up_neurons_bar_graph.png>
Package pdftex.def Info: figures/speed_up_neurons_bar_graph.png  used on input 
line 22.
(pdftex.def)             Requested size: 906.55269pt x 855.67471pt.
 [65 <./figures/speed_up_neurons.pdf> <./figures/speed_up_neurons_bar_graph.png
>]
Underfull \hbox (badness 10000) in paragraph at lines 31--32

 []

<figures/taylor_speed_up.pdf, id=2986, 722.7pt x 289.08pt>
File: figures/taylor_speed_up.pdf Graphic file (type pdf)
<use figures/taylor_speed_up.pdf>
Package pdftex.def Info: figures/taylor_speed_up.pdf  used on input line 38.
(pdftex.def)             Requested size: 448.1309pt x 179.2542pt.
[66 <./figures/taylor_speed_up.pdf>]
<figures/final_speed_up.pdf, id=3051, 722.7pt x 289.08pt>
File: figures/final_speed_up.pdf Graphic file (type pdf)
<use figures/final_speed_up.pdf>
Package pdftex.def Info: figures/final_speed_up.pdf  used on input line 52.
(pdftex.def)             Requested size: 448.1309pt x 179.2542pt.
 [67 <./figures/final_speed_up.pdf>])
(./mainmatter/conclusion.tex [68]
Chapter 8.
[69

] [70]) [71]
LaTeX Font Info:    Font shape `T1/zplTLF/m/sc' will be
(Font)              scaled to size 10.0pt on input line 72.
Package microtype Info: Character `029' is missing
(microtype)             in font `T1/zplTLF/m/sc/10'.
(microtype)             Ignoring protrusion settings for this character.
LaTeX Font Info:    Trying to load font information for T1+npxtt on input line 
72.
 (/usr/share/texlive/texmf-dist/tex/latex/newpx/t1npxtt.fd
File: t1npxtt.fd 2000/12/14 v1.0
)
LaTeX Font Info:    Font shape `T1/npxtt/m/n' will be
(Font)              scaled to size 10.0pt on input line 72.
Package microtype Info: Loading generic protrusion settings for font family
(microtype)             `npxtt' (encoding: T1).
(microtype)             For optimal results, create family-specific settings.
(microtype)             See the microtype manual for details.

[72

{/usr/share/texlive/texmf-dist/fonts/enc/dvips/newtx/ntx-ec-tlf-pc.enc}]
[73] [74] [75] (./appendix/appendix-a.tex [76]
Appendix A.

LaTeX Warning: Reference `rl_fundamentals' on page 77 undefined on input line 4
.

<figures/rl_taxonomy.png, id=3252, 429.40425pt x 230.0595pt>
File: figures/rl_taxonomy.png Graphic file (type png)
<use figures/rl_taxonomy.png>
Package pdftex.def Info: figures/rl_taxonomy.png  used on input line 12.
(pdftex.def)             Requested size: 429.40318pt x 230.05893pt.

LaTeX Warning: `h' float specifier changed to `ht'.


LaTeX Warning: Reference `greenhouse_model' on page 77 undefined on input line 
21.

[77

] [78 <./figures/rl_taxonomy.png>]) (./appendix/appendix-b.tex [79]
Appendix B.
) [80

] (./report.aux)
 ***********
LaTeX2e <2023-06-01>
L3 programming layer <2023-06-05>
 ***********


LaTeX Warning: There were undefined references.

Package rerunfilecheck Info: File `report.out' has not changed.
(rerunfilecheck)             Checksum: 14A46E2B4D09F9D6D7DFDBA38DD25E62;11234.

Package biblatex Warning: Please (re)run BibTeX on the file(s):
(biblatex)                report
(biblatex)                and rerun LaTeX afterwards.

Package logreq Info: Writing requests to 'report.run.xml'.
\openout1 = `report.run.xml'.

 ) 
Here is how much of TeX's memory you used:
 46769 strings out of 475735
 928751 string characters out of 5784786
 1888759 words of memory out of 5000000
 66062 multiletter control sequences out of 15000+600000
 693985 words of font info for 347 fonts, out of 8000000 for 9000
 1141 hyphenation exceptions out of 8191
 99i,17n,101p,2341b,2159s stack positions out of 10000i,1000n,20000p,200000b,200000s
</usr/share/texlive/texmf-dist/fonts/type1/public/newpx/NewPXBMI_gnu.pfb></us
r/share/texlive/texmf-dist/fonts/type1/public/newpx/NewPXMI.pfb></usr/share/tex
live/texmf-dist/fonts/type1/public/newpx/NewPXMI_gnu.pfb></usr/share/texlive/te
xmf-dist/fonts/type1/google/roboto/RobotoSlab-Bold.pfb></usr/share/texlive/texm
f-dist/fonts/type1/google/roboto/RobotoSlab-Light.pfb></usr/share/texlive/texmf
-dist/fonts/type1/google/roboto/RobotoSlab-Thin.pfb></usr/share/texlive/texmf-d
ist/fonts/type1/public/eurosym/feymr10.pfb></usr/share/texlive/texmf-dist/fonts
/type1/public/newpx/npxsups-Regular.pfb></usr/share/texlive/texmf-dist/fonts/ty
pe1/public/newpx/pxmiaX.pfb></usr/share/texlive/texmf-dist/fonts/type1/public/n
ewpx/pxsys.pfb></usr/share/texlive/texmf-dist/fonts/type1/public/txfonts/t1xtt.
pfb></usr/share/texlive/texmf-dist/fonts/type1/public/newtx/txexas.pfb></usr/sh
are/texlive/texmf-dist/fonts/type1/public/newtx/txexs.pfb></usr/share/texlive/t
exmf-dist/fonts/type1/public/txfonts/txsya.pfb></usr/share/texlive/texmf-dist/f
onts/type1/public/txfonts/txsyb.pfb></usr/share/texlive/texmf-dist/fonts/type1/
public/newpx/zplb.pfb></usr/share/texlive/texmf-dist/fonts/type1/public/newpx/z
plr.pfb></usr/share/texlive/texmf-dist/fonts/type1/public/newpx/zplri.pfb>
Output written on report.pdf (87 pages, 7704348 bytes).
PDF statistics:
 3462 PDF objects out of 3580 (max. 8388607)
 1792 compressed objects within 18 object streams
 383 named destinations out of 1000 (max. 500000)
 57626 words of extra memory for PDF output out of 61914 (max. 10000000)

